Predicted: O B-group I-group I-group I-group I-group O O O O O O O O O O O O O O O
Predicted: O O O O B-group O O O O O O O B-group I-group I-group O O O O O O O O O B-group O B-group O B-drug O B-drug O B-group O B-group I-group I-group O O B-group I-group I-group I-group O
Predicted: O O O O O O O O O O O O O O O O O O O O
Predicted: O O O O O O O O O O O O O O O O O O O O O O
Predicted: O O O O O O O O O O O O O O
Predicted: O O O O B-group O O B-group O B-group O B-group O B-group I-group O B-group O O B-group O B-drug O B-drug I-drug O B-group O B-group I-group I-group I-group O O B-drug O
Predicted: O O O O O O O O O O O O O O O O O O O O O O
Predicted: O O O O O O O O O O O O O O O O O O O O
Predicted: O O O O O O O O B-group O O O O O O B-drug O B-group O O O O O O
Predicted: O O O O O O O O O O O O O O B-drug O
Predicted: O O O O O B-drug O O B-group I-group O O O O O O O O
Predicted: O O O O O O O O O O O O O O O B-drug O O O O
Predicted: O O O O B-drug I-drug O O O O O O O O O O O
Predicted: O O O O B-group I-group O B-drug O B-drug O O O B-group I-group I-group O B-group I-group O B-group O O O O O O O O O
Predicted: O O O O O O O O O O
Predicted: O O O O O O O O O O O O O O
Predicted: O O O B-group I-group O O O O O O O O O O O O B-group I-group I-group O O O O O O O O O O
Predicted: O O O O O B-drug O O O O B-group O
Predicted: O O B-drug O O O O O O O O O O B-group I-group O O O O
Predicted: O O O O O O O O O B-drug O B-drug O O O O O O O
Predicted: O O O O O O O O O O O O O B-drug O B-drug O O O
Predicted: O O O O O O O O O O O O O O O O O O O O O
Predicted: O O O O O O O O O O O O B-drug O B-drug O O O O O O O O O O O
Predicted: O O O O O O O O O O O O O O O O B-drug O B-drug O
Predicted: O O O O O O O B-drug O O O O O O
Predicted: O O O O O O O O B-drug O O O O O O O O O O B-group I-group I-group B-drug O O O O O O O
Predicted: O O O O O O O O O O B-group O O O O O O O O O O B-group I-group O
Predicted: O O O O O O O O O O O O O O O O O O O O O O O O O O O O O O O O B-drug O O O O O O O B-drug O O O O O O O O
Predicted: O O O O O O O O O O O O
Predicted: O O O O O O O O O O O O O O O O O O O O O O O O O O O O O O O O O O O O O O O O O O O O O O O O O O O O O O O O O O B-drug O O O O O O O O B-drug O O O O O O O O O
Predicted: O O O O O O O O B-drug O O O O O O O O O O O B-drug O O O B-drug O
Predicted: O O O O O O O O O O O O B-drug O O O O O O O O O O B-drug O O O O O O O O B-drug O O O O O O O O O O O O O O
Predicted: O O O B-drug O O O O O O O O O O O O O O O B-drug O
Predicted: O O O O O O O O O O O O O O O O O O O O O O O O O O O O O O
Predicted: O O O B-drug O O O O O O O O O O O O O O O O O O O O O O O O O O O O O O O O O O O
Predicted: O O O O O O O O O O O O O O O O O O O O O O O O O O O B-drug O
Predicted: O O O O O O O O O O O O O O O O O O O O O O O O O O O O O O O
Predicted: O O O O O O O O O O O O O O O O O O O O O O
Predicted: O O O O O B-drug O O B-group I-group O O O O B-group I-group O O O O O O B-group O O B-group O O O O B-group O O O O O O O O O O O O O O B-group O O O B-group I-group I-group I-group I-group I-group O O O O B-group O O O O O B-group O B-group I-group O O B-group O O
Predicted: O O O O O O O O O O O O O O O O B-drug O B-drug O O B-drug O
Predicted: O O O O O O O O O O O O B-group O B-group I-group O
Predicted: O O O O O O O O O O O O O O O O O O O O O B-group O
Predicted: O O O O O O O O O B-group O B-group O B-group I-group O B-group I-group I-group O B-group O O O O O O B-group O O O O O
Predicted: O O O B-drug O O O O O O O B-drug O
Predicted: B-drug I-drug O O O O O O O O O O O
Predicted: O O O O O O O O O O O O O O O O O O O O O O O O O O O
Predicted: O O O O O O O O O O O O O O O O O O O O
Predicted: O O O O O O O O O O O O O O O O O O O O O O O O O O O
Predicted: O O O O O O O O B-drug O O O B-group I-group O O O O
Predicted: O O B-drug O O O O O B-group O O O O O O O O O O O O B-group I-group O O O O O
Predicted: O O O B-group I-group O O O O O O O O O O O O O O B-drug O O O O O
Predicted: O O O O O O O O O O O O O O O B-group I-group O O O
Predicted: O O O O O O O O O O B-group I-group O
Predicted: O O O O B-group O B-brand O B-group O B-drug O B-drug O O B-group O B-group O B-drug O O O B-drug O O O B-drug O O B-drug O
Predicted: B-group I-group O O O B-drug O O O O O O O O O B-group I-group O
Predicted: O O O O O B-drug O O O O O O O O O O O O O O O O O O O O O O O O O O O O O
Predicted: B-drug O O O O O O O O B-group O O O O O O O O O
Predicted: O O O O O O O B-brand O B-drug O O O O O O O O O O O O O O O O O O O O B-brand O O O O O
Predicted: O O O O O B-drug O O O O O O
Predicted: O O O O O O O O O O O O O O
Predicted: O O O O O B-group O O O O O O O O O O O O O O O B-drug O O O O O O O O O O O O O B-drug O B-drug O
Predicted: O O O O O O O O O O O O O O O B-drug O O O O B-drug O B-drug O O O O O O O O O O O O O O O O B-drug O B-drug O O O O O O O O O O O O
Predicted: O
Predicted: B-drug O O O O O O O O O B-drug O O O O O O O O O O O O O
Predicted: O O O O O O O O
Predicted: O B-group I-group O B-drug O O O O O O B-drug O O O O O O B-drug O O O O O O B-drug O O O O O O O
Predicted: O O O O O O O
Predicted: O B-group I-group O O O O B-group I-group I-group
Predicted: O B-drug O O O B-brand O O
Predicted: O B-drug O O O O O O
Predicted: O B-drug O O O O O O
Predicted: O O O O O B-brand O O
Predicted: O B-drug O O O B-drug O O
Predicted: O O O O O O O O
Predicted: O O O O O O O O
Predicted: O B-group O O O O O
Predicted: O O O O O O O O
Predicted: O O O O O O O O O
Predicted: O B-drug O O O O O O
Predicted: O B-drug O O O O O O
Predicted: O O O O O O O O O O O O O O O
Predicted: O O B-group O O O O O O B-group I-group
Predicted: O O O O O O O O O O O O O O
Predicted: O B-group O B-drug O O O O O O B-drug O O O B-drug O O B-drug O O O O O O B-drug O O O O O O B-drug O O O O O O B-drug O O O B-drug O O B-drug O O O B-drug O O B-drug O O O O O O B-drug O O O O O O B-drug O O O B-drug O O B-drug O O O O O O B-drug O O O O O O O
Predicted: O B-drug O O O O O O
Predicted: O B-drug I-drug O O O O O O O B-drug O O O O O O O O O O O O O
Predicted: O B-drug I-drug O O O O O O
Predicted: O B-group I-group
Predicted: O O O O O O O O
Predicted: O O O O O O O O
Predicted: O B-drug I-drug
Predicted: O O O O O O O O
Predicted: O B-drug O O O O O O
Predicted: O B-drug O O O O O O
Predicted: O O O O O B-drug O O
Predicted: O B-group I-group O O O O O O O O O B-drug O O O O O O O O O O O O O
Predicted: O B-group O O O O O
Predicted: O O O O O O O O
Predicted: O B-drug O O O O O O O B-drug O O O O O O O O O O O O O
Predicted: O O O O O O O O O O O O O O O O O B-drug O O O O O O O O O O O O O O O O O
Predicted: O B-drug O O O O O O O B-drug O B-drug O O O O O O O O O O O O O O O B-drug
Predicted: O O O O O O O O O B-drug O B-drug O O O O O O O O O O O O O
Predicted: O B-drug O O O O O O O B-drug O B-drug O O O O O O O O O O O O O O O B-drug
Predicted: O O O O O O O O O
Predicted: O B-drug O B-drug O O O O O O O O O O O O O O O O O O O O O O O O O O O O O O B-drug O O O O
Predicted: O O O O O O O O O B-drug O O O O O O O B-drug O O O O
Predicted: O O O O O O O O O O O O O O O O O O O O O O O O O O O O B-drug O O B-group O O O O B-group O O O O O O O O O O O O
Predicted: B-drug O B-drug O B-drug O B-drug O B-drug O O O O O O O O O O O O O
Predicted: B-group O O
Predicted: O O O O O O O O O B-group I-group O
Predicted: O O O O O O O
Predicted: B-group I-group
Predicted: O O B-group O O O O O O B-drug I-drug O
Predicted: O O O O O O O O O O O O O O O
Predicted: O O O O O O O O O O O B-group I-group O O O O O O O O O O O O
Predicted: O O O O O O O O O B-group I-group O
Predicted: O O O O O O O
Predicted: O O O B-group O O O B-drug O
Predicted: O O O O B-group I-group O O O O O O O O O
Predicted: B-group I-group
Predicted: O O O O B-group I-group O O O O O B-group O O O O O O
Predicted: O
Predicted: O O O O O O O B-group I-group O
Predicted: O O O O O O O O B-drug O O O O
Predicted: O
Predicted: O O B-group O O O O O O
Predicted: O O O O O O O O O O O O O O O O B-group O O
Predicted: B-drug O O O O O O O O O O O
Predicted: B-drug I-drug
Predicted: O O O O B-group I-group O O O O O O O O B-drug O O O O O O O O
Predicted: B-drug
Predicted: O O O O O O O O O B-group I-group O O O O O O O O
Predicted: B-group I-group I-group
Predicted: O O O O O O B-group I-group I-group O O O B-group O O O O O O O B-group O B-group I-group O O B-group I-group O
Predicted: O O O B-drug O B-group I-group I-group O O O O O O O O O O O O O O O O O O B-group O O O O
Predicted: B-drug
Predicted: O O O O O O O B-drug O
Predicted: O O O O O O O O O O O O O O O O O
Predicted: B-drug
Predicted: O O O O O O O O B-drug O O
Predicted: O O O O O O O O O O O O O O O O O O O O O O O O O O O O O O O O O O O O O O O O B-group I-group O O O O O O O O O O O O B-drug I-drug O O O O O O O B-drug O B-group O O B-drug O O O O O O
Predicted: O O O O O O O O O O O B-drug O O O O O O O O O O O O O O O O O O O O O
Predicted: B-drug O O O O O O O O O B-drug O O O O O O O O B-drug O O O B-drug O O
Predicted: O O O B-drug O O O O B-drug O O O O O B-drug O O O O O O O O O B-drug O O
Predicted: O O O B-drug O B-drug O O O O O O O B-drug O O O
Predicted: O O O O O O O O O B-drug O O B-group O O O O
Predicted: O O O O O O O B-drug O O O O O O O O O O O O
Predicted: O O O B-drug O B-drug O B-drug O O O O O O O O O O O O O O O O O O
Predicted: B-drug O O O O O O O O B-drug O B-drug O O O O O O O O O B-group O
Predicted: O O O B-drug I-drug O O O O O O O O O O O O O O O O O O O O O O O
Predicted: O O O O O O O B-drug O B-drug O B-drug O B-drug O B-drug O B-drug O B-drug O B-drug O B-drug O B-drug O B-drug O B-drug O B-drug O O B-drug O
Predicted: O O O O O O O O O O O O O O O O O O B-drug O
Predicted: B-drug O O O O O O O O O O B-group B-drug O B-drug O O O O
Predicted: O O O O O O O O O O O O O O O O O O O O O O O O O O O O O
Predicted: O O O O O O O O O O O O B-drug O B-drug O
Predicted: O O O O O O O O O B-drug O O O B-drug O O O O O O O O O O O O O O O O O O O O O O O O O O O O O B-drug O B-drug O
Predicted: O O O O O
Predicted: O O O B-drug O B-drug O O O O O
Predicted: O O O O O O O O O O O
Predicted: O O O O O O O O O O O O O O O O O O O O O O O O O O O O O O O
Predicted: O O B-drug O O O O O O O O O O O O O O O O O O O O
Predicted: O O O B-group I-group I-group I-group O O O O O O O O O O O O
Predicted: O O O O B-group I-group I-group I-group O B-drug_n O O O O O O O O O O O O O O O O O O O O O O O O O O
Predicted: O O O O O O O O O O B-group I-group I-group I-group O O B-drug O B-group O O B-drug O O O O O O O O O O O B-drug O
Predicted: O O B-group O O O O O O O B-drug_n O O O O O O O O O O
Predicted: B-drug O O O O O O O O O O B-drug_n O
Predicted: O O O O O O O O O O O O O O O O O O O O O O O O O
Predicted: O O O O O O B-group O B-group O B-group O O B-group O O O O O O O O O O
Predicted: O O O O O O O O O B-drug O B-drug O B-drug O O B-drug O
Predicted: O O O O B-drug O B-drug O B-drug O B-drug O O B-drug O O O O
Predicted: O O O O O O O O O O O O O O O O O O O O O O O O B-group O B-group I-group B-drug O O O O
Predicted: O O O O O O O O O O O O O O O O O O O O O O O O O O O O O O O O O O O O O O O O O O O O
Predicted: O O O O O O O O O O O O O O O O O O O O O O O O
Predicted: O O O O O O O O O O O O O
Predicted: B-drug O O O O O O O O O O O O O O O O B-group O
Predicted: O O O O O O O O O O O O O O O O B-drug O O O O O O B-drug O O O O O O O O O O O O O O O O O O B-drug O
Predicted: O O O O O O O O O O B-drug O O O O O O
Predicted: O O O O O O O O B-drug O O O O O O
Predicted: B-drug O O O O O B-drug O O O O O O O B-drug O O O O O B-group I-group O
Predicted: B-drug O O O O O B-drug O O O O O
Predicted: O O O O O O B-drug O O O O O B-drug O O O O O O O O O O B-drug O O O B-drug O O O
Predicted: B-group I-group I-group O O O O O O O O O O O O B-group I-group O O O
Predicted: O O O O O O O O O O O O O O O O O
Predicted: O O O O O O O O O O O O
Predicted: B-drug O B-group O B-group O O O O O O
Predicted: O O O O B-group O B-group O B-drug O B-drug O O B-drug O
Predicted: O B-drug O
Predicted: O O O O O O O B-drug O
Predicted: O O B-group O B-drug O O O O O O O O O O O O O B-group O O
Predicted: B-group O B-drug I-drug O B-drug I-drug O O O O O O O O O O
Predicted: O O O O O O O O O O O O O B-drug O
Predicted: O O O O O O O O O O O O O O O O O O
Predicted: B-drug O O O O O O O O O O O O O O O O B-group O
Predicted: O O O O O O B-drug O O O O O O O O O O O B-drug O O O O O O O O O O O O B-drug O O
Predicted: O O O O O O O O B-drug O O O O O
Predicted: B-drug O B-group O O O O O O O O B-drug O O O O O O O B-drug O
Predicted: O O O O O O O O O O O O O O O O O O O O O O O B-drug O O O
Predicted: O O O O O O O O O O O O O O B-drug O O O O O O O O O
Predicted: O O O O O O O O O O O
Predicted: O O O O O B-drug O O O O O O O O O O O O
Predicted: O O O O O O O O O O O O O O
Predicted: O B-drug O
Predicted: O O O O O O O O O O O
Predicted: O O O O O O O O O
Predicted: O O O O O O O O O O O
Predicted: O O O O O O O O O O O O O O O O O O O O O O O O O O O O O
Predicted: O O O O O O O O O O O O O O
Predicted: O O O O O O O O O O O O O O O O O O O O O O O O O O O O O O O O O O O O O O O
Predicted: O O O O B-group O O O O O O O O B-drug O O O O O O O B-group O
Predicted: O O B-drug O O O O O O O O O O O
Predicted: O O O O O O O O O B-drug O O O B-group O B-group O
Predicted: O O O O O O O O O O O O O O O O
Predicted: O O O O O O O O B-group I-group O B-group I-group O O O O O O O O O O O O O O O O O O O O O O
Predicted: O O O O O B-drug O O O O O O O O
Predicted: O O O O O O O
Predicted: B-drug O O O O O O O O O O O O B-drug O
Predicted: O O O O O O O O O
Predicted: O O O O O O O O O O O O O B-drug O O
Predicted: O O O O O B-group O
Predicted: O O O O O O O O O O O O O O B-drug O
Predicted: B-group I-group I-group O O O O O O O O B-drug O
Predicted: B-group I-group I-group O O O O O O O O O O O O O O
Predicted: B-group I-group O O O O O O B-drug O B-drug O O B-drug O O O O O B-drug O O O O O O
Predicted: O O O O O B-drug O O B-group I-group O O B-group I-group O O O O B-drug O O O O O O O O
Predicted: O O O O O O O O O O O O O O O O
Predicted: O O O O O O O O O O O O O O O O O O O O O O O O
Predicted: O O O O O O O O O O O O O O O O O O O O O O O O O O O O O O O O O O O O O O O O O O O B-drug O O O O O O O O O O O O O O O O O O O O O O O O O O O O
Predicted: O O O O O O O O O O O
Predicted: O O O O O O O O O O O O O O O O O O O O
Predicted: O O O O O O O O O O O O O O O O O O O O O O O O O
Predicted: O O O O O O O O O O O O O O O O O O O O O O O
Predicted: O O O O O O O O O O O O O O O
Predicted: O O O O O O O O O O O O O O O O O O O O O O O O O O O O O O O O O
Predicted: O O O O O B-drug O O O O O O O O O O O
Predicted: O O O O O O O O O O O O O O O O O O O O O
Predicted: O O O O O O O O O O O O B-group I-group O
Predicted: O O B-group I-group O O B-drug O B-drug O O O O
Predicted: B-drug O B-drug O B-drug O O O O O O O
Predicted: B-drug O O O B-drug O B-drug O B-group I-group O O O O O
Predicted: O O O O O O O O B-drug O
Predicted: O O O O O O O O O O O O O O O O O O O O O O O B-drug O O O O O O O O O O O O O O O O O O O O O
Predicted: O O O O O O O O O O O O O O O O O O
Predicted: O O O O O O O O O O O O O O O O O O O O O O O O O O O O O
Predicted: O O O O O O O O O O O O O O O O O O O O O O O O O O O O O O O O O O O O O O O O O O B-group I-group B-drug O
Predicted: O O O O O O O O O O O B-group O O O O O O O
Predicted: O O O O O O O O O O O O O O O O O O O O O O O O O O O O O O
Predicted: O O O O O O O O O O O O O O O O O O O O O O
Predicted: O O O O O B-group I-group O O O O O O O O O O O O O O O O O O O O O O O O
Predicted: O O O O O O O O O O O O O O O O O O O O O O O O O O O O O O O O O
Predicted: O O O O O O O O O O O O O O O O O O
Predicted: O O O O O O O O O O O O O B-drug O
Predicted: B-drug O O O O O O B-group O O O O O O O B-group O O O O O O O O O O O O O O
Predicted: O O O O O O B-group I-group O B-group I-group O B-drug O B-group I-group O B-group I-group O
Predicted: O O O O O O O O O O O O O O O O O O O O O O O O O O O O O O O
Predicted: O O O O O O O O O O O O O O O O O O O O O O O O O O O O O O O O O O O O O O O O O O O O
Predicted: O O O O O O O O O O O O O O O O O O O
Predicted: O O O O B-group I-group O B-drug O B-drug O O O B-group I-group I-group O B-group I-group O O O O O O O
Predicted: O O O O O O O O O O
Predicted: O O O O O O O O O O O O O O O
Predicted: O O O O O O O B-group I-group I-group O O O O O O O O O O
Predicted: B-group O B-group O O O O O O O O B-drug O
Predicted: O O
Predicted: O O O O O O O O O O O O O
Predicted: O O O O O O O O O O O O O O
Predicted: O B-drug O O O O O O O O O O O O B-drug O O O O O O O O
Predicted: O O O B-drug O O O O O O O O O O O O O O O O O O O O
Predicted: O O B-drug O O O O O O O O O
Predicted: O O O O O O O O O O O O O O B-drug O
Predicted: O O B-drug O O O O O O O O O O O O O O O O
Predicted: O O O O O O O O O O O O O O O O O O O O O O
Predicted: O O O O O O O O O O O B-drug O O O O
Predicted: O O O O O O O O O O O O O O O O O O O O O O O O O O O O O
Predicted: O O O O O O O O O O O O O O O
Predicted: O O O O O O O B-drug
Predicted: O O O O O O O
Predicted: O O B-drug O O O B-drug O B-drug O B-drug O O O O O O O O O O
Predicted: B-group O B-drug O O B-drug O O O O O O O O O O O O
Predicted: O O O B-drug O B-drug O B-drug O B-drug O O O O O O O O O O O O O O O O O O O O O O O O O O O
Predicted: B-group I-group O B-drug O O O O O O O O B-drug I-drug O B-group O O O O O O B-drug O
Predicted: O O O O O O O O O O B-drug O O O O O O O O O O O O O O B-drug O O O
Predicted: O O O O O O O O B-drug O B-drug O O O O
Predicted: O O O O B-drug O O O O O O O O O O O O O O O
Predicted: O O O O O O O O O O O O O O O O O O O O O O O O O O O O O O B-group I-group O
Predicted: B-group I-group I-group O B-drug O B-drug O O O O O O O O O O O O O
Predicted: O O B-drug O B-drug O O O O O O O O O O O O O O O O O O O
Predicted: O O O O O O O O
Predicted: O O O O O O O
Predicted: O O O O O O O O O O O O O O O O O O O O B-group I-group I-group O O O B-drug O B-drug O B-drug O B-drug O B-drug O B-drug O B-drug O B-group I-group O B-drug O B-drug O B-drug O O O B-drug O O B-drug O O O O O O O O O B-drug O
Predicted: O O O O O O O O O O
Predicted: O O O O O B-drug O O B-drug O O O O O O O O O O O O O
Predicted: O O O
Predicted: O O O O O O O O O O O O B-drug O B-drug O B-drug O B-drug O O O O O O O O B-drug O
Predicted: O O O O O I-group O O O O O O O O O O O O O O O O O O O O O O O O O O
Predicted: O O O O O O O O O O O O O O O O O O O B-drug O B-drug O B-drug O B-drug O O B-drug O
Predicted: O O O O O O O O O O B-drug O O O O O O O O O B-drug O O O O O O O O O O O O O O
Predicted: O O O O O O O O O O O B-group I-group O B-drug O B-drug O B-drug O O O O O O O O O O
Predicted: O O O O O O O O O O O O
Predicted: O O O O O O O O O O O B-group O
Predicted: O O O B-group O O O
Predicted: O O O O O O O O O O O O B-drug O O O O B-drug O O O O O O O O O O O O B-drug O O O
Predicted: O O O O O O O O O O
Predicted: O O O O O O O O O O O O O O O O O B-drug O O
Predicted: O O O O O O B-drug O O O O O O O O O O O O O O O O O
Predicted: O O B-drug O O O O O O O O O O O O O O O O O O
Predicted: O O O O O O O O O O O O
Predicted: O O O O O O O O B-drug O B-drug O B-drug O O O O O O O O O B-drug O O O O O O
Predicted: O O O O O O O O O O
Predicted: O O O O O O O O O O O
Predicted: O O
Predicted: O O O O O O O O O
Predicted: B-group O B-group O O O O O
Predicted: B-drug B-drug O B-drug O B-group I-group I-group
Predicted: O O O
Predicted: 
Predicted: O O
Predicted: O
Predicted: O O
Predicted: B-drug
Predicted: B-drug
Predicted: O O O O O O O O O O O O B-drug O O O O B-drug O O O O O O O O O O O O
Predicted: O O O O O B-drug I-drug O O O O O O O
Predicted: O O O O O O
Predicted: O O
Predicted: O
Predicted: O O
Predicted: B-drug
Predicted: B-drug O
Predicted: O O O O O O
Predicted: O O O O
Predicted: O O O O O O O O O O O O B-drug O
Predicted: O O O O O O O O O O B-drug O
Predicted: O O B-drug O O O B-drug O O O O O
Predicted: O B-group I-group O O O B-drug O O O O O O O O O O
Predicted: 
Predicted: O O O
Predicted: B-drug
Predicted: B-drug O
Predicted: O O O O B-drug O O O O O O O O O O O O
Predicted: O O B-drug O O O O O O O O O O O O O B-drug O O O O O
Predicted: O B-drug O O O O O O O O O O O O O O O O O O O O O O O B-drug O O O O O O O O O O O O O O O O O O O B-drug O O O O O O O O O O O
Predicted: B-drug
Predicted: B-drug O
Predicted: O O O O B-drug O O O O O O O O O O O O O O O O O O O O O O O O
Predicted: O
Predicted: B-drug O
Predicted: O O O O O O O O O O O O O O O O O B-drug O O O B-group O O
Predicted: B-drug O O O O O O O O O O O O O O
Predicted: O O O O O O O O O O B-drug O O O O O O O O O
Predicted: B-drug I-drug
Predicted: B-drug I-drug O
Predicted: O O O O O O B-drug O O
Predicted: O O O O
Predicted: O O O O O B-drug O O B-group O O O O O O O O O O O O O O O O O O O B-group O
Predicted: B-drug
Predicted: B-drug O
Predicted: O O O O B-drug O O O O
Predicted: O O O B-drug O O O O B-drug O O O O O O O O O
Predicted: B-drug
Predicted: B-drug O
Predicted: O O O O O O O O
Predicted: B-drug
Predicted: B-drug O
Predicted: O O O O O O O O O O O O O O O O O O O O O O O O O O O O O
Predicted: O O O O O O O O O O O O O B-drug O
Predicted: B-drug O
Predicted: B-drug
Predicted: B-drug O
Predicted: O O O O O O O O O O O O O
Predicted: B-drug
Predicted: B-drug O
Predicted: O O B-drug O O O O O O O O
Predicted: O O O O O O O O O O O
Predicted: B-group O B-drug
Predicted: O O O O O O O O O O O
Predicted: O O B-drug O B-drug
Predicted: O O O O O O O O O O
Predicted: O O O B-group O O O O O O
Predicted: O O B-drug B-drug
Predicted: O O O O O O O B-drug O B-drug O O O O O O
Predicted: O O O O O O O O O B-drug O B-drug O
Predicted: B-group I-group I-group O B-drug O
Predicted: O O O O O O
Predicted: B-drug
Predicted: O O O O O O O O B-drug O
Predicted: B-group I-group I-group I-group
Predicted: O O O O O O O O O
Predicted: O O O O O O O O
Predicted: O O O O O O O B-drug O O O O O O O O O O
Predicted: O O O O O O O
Predicted: O O O O O O O
Predicted: O O O O O O O O O O O O O O O O O O O O B-drug O O O O O O O O O B-group O B-drug O B-drug O B-drug O B-drug O B-drug O B-drug O B-drug O B-drug O O B-drug O
Predicted: O O O O O O O O O O O O O O B-drug O B-drug O
Predicted: O O O O O O O O O O O O O O O O O O O O O O O O O O O O O O O O O
Predicted: O O O O O O O O O O O O O O O O O O O
Predicted: O O O O O O O O O O O O O O O O O O O O O O O O O
Predicted: O O O O O O O O O O O O O O O O O O O O O O O O O O O O
Predicted: O O O O O O O O O O O O O O O O O O O O O O O O O O O O O O O O O O O O O O O O O O O O O O O O O O O O O O O O O O O O O O
Predicted: B-brand O O O O B-brand O O O O O O O O O O O O O O O O O O
Predicted: O O O O O O O O O O O O O B-brand O O O O
Predicted: O O O O O O O O O O O O O O O O O O O O O O O O O O O O O O O O O O O O O B-drug O O O O O
Predicted: B-drug O O O O O O O O O O O O O O O O O O O B-drug O
Predicted: B-drug O O O O B-group O O O O O O O O
Predicted: O O O O O O O O O O O O B-drug O
Predicted: B-drug O O O O O O O O O O O O O B-group O O O O O O B-drug O B-group I-group O O O
Predicted: O O O O O O O O O O O O
Predicted: O O B-drug O O O O O O O O O O O O O O O O O O O O O O O O O O O O O O O O O O O O O O B-drug O O O O O O O
Predicted: O O O O O O O O O O O O O O O B-drug O O
Predicted: O O O O O O O O O O O O B-drug O O O O O O O O O O
Predicted: O O O O O B-group O O O O O
Predicted: B-drug O O O O O O O O O O O O O O O O B-group O O
Predicted: O O O O O O O O O O O O O O O O O
Predicted: O O O O O O O O O O O O O O O O O O O O O O O O O O O O O O O O O O O
Predicted: O O O O O O O O O O O O O O O O O O O O O O O O O O O O O O O O O
Predicted: B-drug O O O O O O O O O O O O B-drug O O O O O O O O O O O O O O O O O O O O O O B-drug O O
Predicted: B-drug O O O O O O O O O O O O O O O O B-drug O
Predicted: B-drug I-drug O O O O O O O O O O O O O O O
Predicted: B-drug O O O O O O O O O O B-drug O O O O O O O O O O O O O O O O O O O O O O
Predicted: O O O O O O O O O O B-drug O B-drug O O O O O O O O O O O O O O O O O O O O O O O O B-drug O
Predicted: O O O O O O O O O O O O O O O O O O O O O O O
Predicted: O O O O O O O O O O O O O O O O O O O O O B-drug O O O O
Predicted: B-drug O B-drug O B-drug O B-drug O O O O O O O O O O
Predicted: O O O O O O O O O O O O B-drug O B-drug O O O O O O O O O
Predicted: O O O O O O O O O O O O O O B-drug O O O O O O B-drug O
Predicted: B-drug O B-drug O O O O O O
Predicted: O O O O O O O O O O O O B-drug O O O O O O O O O O O O O O O O O O B-drug O
Predicted: O O O O O O O O O O O O O O O O O O O O O B-drug O O O O O O O O O O O O O O O O O O O O O B-drug O O O B-drug O
Predicted: O O O O O O O O O O O O O O O O O O O O O B-drug O O O B-drug O O O O O O O I-drug B-drug O O O O O O I-drug B-drug O O O O O O O O O O O
Predicted: B-drug O O O O O
Predicted: O O O O O O O O O O O O O O O O O O O O O O O O O O O B-drug O O O O O O O O O O O O O O O O O O O O O O O
Predicted: O O B-drug O O O O O O O O O O O O O O O O O O O
Predicted: B-drug O B-drug O O O O O O O O O O O O
Predicted: O O O O O O O O O O O O O O O O O O B-drug O O O O O O
Predicted: O O O O O O B-drug O O O O O O O
Predicted: O O O O O O O O O O O O O O O B-drug O O O
Predicted: O O O O O O O O O O O O O B-drug O O O O O O O O O O O O O B-drug O O O O O O
Predicted: O O O O O O O O O O B-drug O O O O O
Predicted: O B-group O O O O O O O O O O O O O O O O B-group I-group B-drug O O O O O O O O O O O
Predicted: O O O O O O O O O O B-drug O B-drug I-drug O O O O O O O O O
Predicted: O O O O O O O O O O O O O O O O O O O O O O O O O O
Predicted: O O O O B-drug O B-drug I-drug O O O O O O O O O B-group O O O O O
Predicted: B-drug O B-drug O O O O O O O O O O O O
Predicted: O O O B-drug O O O O O O O O O O O O O O O O O O O O O O O O O O O O O O O O O O O O O O O O B-drug O O O O O O O O O
Predicted: O O O O O O B-drug O O O O O O O O O O O O O O O O O O O O O O O O O O B-drug O O O O
Predicted: O O O O O O O O O O O O O O O O O O O O O O O
Predicted: O O O O B-drug O O O O O O B-drug O
Predicted: B-drug O O O O O O O O O O O O O O O B-drug O O B-drug O O O O O O O O O O
Predicted: O O O O O O O O O B-drug O O B-drug O O O O O O O O O O O B-drug O O O O O O
Predicted: B-drug O O O O O O O O O O O O B-drug O O O O O O O O O O O O O O B-drug O O
Predicted: O O O O O O O O O O O O O O O O O O O O O O O B-drug O O O O O O
Predicted: O O O O O O O O O B-drug O O O O O
Predicted: B-drug O O O O O O O O O O O O O O O O O O O O O O O O O B-drug O O O O O O B-drug O O O B-drug O O O O O O B-drug O
Predicted: B-drug O O O O O O O O O O O O B-drug O O O O O O O O O O O O B-drug O O O O O O O O B-drug O O O O O O O O O O O O O O O O O O O O O
Predicted: O B-drug O O O O O O O O B-drug O O O O O O O O O O O O O O O
Predicted: B-drug O O O O O O O O O O O O B-drug O O O O O O O O O O O B-drug O O O O O B-drug O O O O O O
Predicted: O B-drug O O O O B-drug O O O O O O O O O O O O O O O O O O O O O O B-drug O
Predicted: B-drug O O O O O O O O O O O O O O O O B-drug O O B-drug O O O O O O O O B-drug O O O O O O O O O O O O O O O O O O O B-drug O
Predicted: O O B-drug O B-drug O O O O O O O O O O O O O O O O
Predicted: B-drug O O O O O O O B-drug O O B-drug O O O O O O O O O O O O O O O O B-drug O
Predicted: O O O O O O O O O B-drug O O O O O O O O O O B-group I-group I-group O
Predicted: O O O O O O O O O O O O O O B-drug O O O O O O O O O O O O O O O O O O O
Predicted: O O O O O O O O B-group I-group O O O O B-group I-group O O O O O O O O O O O O O O O O O
Predicted: O O O O
Predicted: O O O O O O O B-drug I-drug O O O O O O O O O O O O O O O O B-drug O O
Predicted: O O O O O O O O O O B-drug I-drug O B-group I-group O O O O O O O O O O O O O
Predicted: B-group I-group O O O O O O O O O O O O O O O O O O O
Predicted: B-group O O O B-drug O O O O O O O O O O O O O O O O O
Predicted: O O O O O O O O O O B-drug I-drug O
Predicted: O O O O O O O O O O O O
Predicted: B-group I-group O B-drug O O O O O O O
Predicted: O O O O O O O O O O O O O O O O
Predicted: B-drug O O O O O O B-drug I-drug O O O O O O O O O O O B-drug O O O O O O O O O O O O
Predicted: O O O O O B-drug O B-drug O B-drug O B-drug O O O O O O O O O O O O O O B-drug I-drug O O O O O O O O O O B-drug I-drug O
Predicted: O O O O O O O O O O O O O
Predicted: O O O O O O O B-group O B-drug O O B-drug O O O O O O O O O O O O O O O O O O O
Predicted: O O O O O O O O O O O O O O O O
Predicted: B-group I-group I-group O B-drug O O O O O O O O B-group I-group I-group O O O B-drug O O
Predicted: O O O O O O O O O O
Predicted: O O O O O O O O O O O O O B-drug I-drug O O O O
Predicted: O B-group O O O O O O O O O B-group O
Predicted: O O O B-drug O O O O O O O B-group O O O O
Predicted: O O O B-drug O B-group O O O O O O O O O
Predicted: O O O O O O O O O O O O O O B-group O B-group I-group O O O O O
Predicted: B-group I-group I-group O B-group I-group O O O O O B-group I-group O
Predicted: O O O O O O O O O O O O O O O O O O O O O O O
Predicted: O O O O O O O O O O O O O
Predicted: O O O O O O O O O O O O O O O O O O O B-drug O
Predicted: O O O O O O O O O O O O O O
Predicted: O O O O O O O O O O O O O O O O O O O O O O O O O O O O O O O O
Predicted: O O O O O O O O O O O O O O O O O O O O O O O O O O O O O O O O O
Predicted: O O O O O O O O O O O O O O O O O O O O O O O O O O O O O O O O O O
Predicted: O O O O O O O O O O O O O O O O O O O O O O O O O O O O O O O O O O O O O O O O O O O O O O
Predicted: O O O O O O O O O O O O O O O O O O O O O O O O O O O O O O O O O O O O O O O O O O O O
Predicted: O O O O B-drug O O O O B-drug O O O O O O O O O O O O O O O O O O O O B-drug O O O O O O O
Predicted: O O B-brand O O O O O O O O O B-group O O O O O O
Predicted: O O O O O O B-group O O O O O O O O O O O O O O B-drug O O O O O O O O O O
Predicted: O O O O O O
Predicted: O O O O O O O B-drug O O O O O O O O
Predicted: O O O
Predicted: O O O O O O O O B-drug O O B-group I-group O O O O O O O O O O O O O O O O
Predicted: O O O O O O B-group O O O O O O O O O O O O O O O O B-group O
Predicted: O O O O O O O O O
Predicted: B-drug O O O O O O O O O O O B-drug O O O O B-drug O B-drug O
Predicted: O O O O O O O O O O O O O
Predicted: O B-drug O O O O O O O O O O O O O O O O O O O O O O O B-drug O B-drug O O O O O O O O O O O O O O O O O O B-drug O O
Predicted: B-drug O O O O O B-drug O O
Predicted: B-drug O O O O O O O O O O O O O O O O O O O O O B-group I-group O B-drug O O
Predicted: B-drug O O O O O O O O O O O O O O B-group I-group I-group I-group O O B-drug O O O O O O O O
Predicted: O O O O O O O O O O O O O O O O O O O O O O O O O O O O O
Predicted: O O B-group I-group I-group I-group O O O O B-drug O O O O O O
Predicted: O O O O O O O O O O O O O O O O O O O O O O O O O O O O O O O
Predicted: O O O O O O O O O O B-group I-group I-group O O O O O O O B-drug O O O O
Predicted: O O O O O O O O O O O O O O O O O O
Predicted: O O O
Predicted: B-drug O O O O O O O O O B-drug O O O O O O O O
Predicted: B-drug O O O O O O B-drug O O O O O O O O O O O O O O
Predicted: B-drug O B-drug O O O O O O O O O O O O O O O O O O O O O O O O O O O O O O O O O O O O O
Predicted: B-drug O B-drug O O O O O O O O O O O O O O O O O O O O O O O O O O O
Predicted: O O O O O O O O O O O O O O O O O O O O O O O O O O B-drug O B-drug O B-drug O B-drug O B-drug O B-drug O O B-drug O O O O O O O O O O O O O O O O O O O O O O O B-group O B-group O B-drug O B-drug O O B-drug O O O O O O O O O O O O O O
Predicted: O O O O O O O O O O O O O O O O O O O O O O O O O O O O O O O
Predicted: O O O O O O O O O O O O O O O O O
Predicted: O O O O O O O O O O O O O O O O O O O O O O O O O O O O O O O O O O O O O
Predicted: B-group I-group O O O O O O O O O O O O B-group I-group O O O O B-group O B-group O B-group O O O O B-drug O O O O O O O O
Predicted: O O O O O O O O O O O O O O O
Predicted: B-drug O B-drug O O O O O O B-drug O
Predicted: B-drug O B-drug O O O O O B-drug O O O O
Predicted: O B-group O O O O O O O O O O O O O O O
Predicted: B-drug I-drug O O O O O O O O B-drug I-drug O O O O O O O O O
Predicted: O O O O O B-drug_n O B-drug_n O O B-drug O
Predicted: O O O O O O O O O O O O O O O O O O O B-drug O O
Predicted: O O O O O O O O O O O O O O O O O O O O O B-drug O O
Predicted: O O O O O O O O O O O O B-drug O O O O O O O O B-drug O O O O O O O O O
Predicted: B-drug O O O O O O O O O O O O O O O B-drug O O
Predicted: O O O O O O O O O O O O O O B-drug O O O O O O O
Predicted: O O O O O O B-drug O B-drug O B-drug O B-drug O B-drug O B-drug O O B-drug O
Predicted: B-drug O O O O O O O O O O
Predicted: O O O O O O O O O O O O O O O O
Predicted: O O O O O O O O O O O B-brand O O O O O B-group O O O O B-drug O O O O O O O O O
Predicted: O B-group I-group I-group I-group I-group I-group O O B-drug I-drug O B-drug I-drug O B-drug O O
Predicted: O O O B-drug_n O B-group I-group I-group O O O O
Predicted: B-drug O O O O B-group I-group I-group B-drug O O O O O O O O O
Predicted: O O O B-drug O O O O O O O O O O O O O O O O
Predicted: B-drug O O O O O O B-group I-group O O O B-drug O B-drug O B-drug O
Predicted: O B-group I-group I-group O O O O O O O O B-drug O O O O O O O O
Predicted: B-drug O O O O O O O O O O O O O O O O O O O O O O O O O O O O
Predicted: O O O O O O O O B-group O O
Predicted: O O B-group O B-group O O O O O O O O O O O O O O O O O O
Predicted: O O O O O O O O O O O O O O O O O O O O O O
Predicted: B-group I-group I-group O O O B-drug O O O O O O O O B-drug O B-drug O O O B-drug_n I-drug_n O O O O O O O O O O O O O O O O O O O O O O
Predicted: O B-drug O O O O O O O O O
Predicted: O O O O B-drug O O O O O O O O O
Predicted: O O O O O O O O O O O
Predicted: O O O O O O O O O O O O O O O O O O O O O O O B-group I-group O
Predicted: O O O O O O O O O O O O O O O O O O O O O O O O O O O O O O O O O O O O O O O
Predicted: O O O O O O O O O O O O O O O O O O O O O O O O O O O O O O O O O O O O O O O O O O O B-drug O O O
Predicted: O O O O O O O O O O O B-drug O O O O O O O
Predicted: O O O O O O O O O O O O O O O O O O O O O O O O O O
Predicted: O O O B-group I-group O O O O O O O O O O O O B-group I-group O O B-group O B-group O O B-drug O
Predicted: O O O O O O O O O B-drug O B-drug O O B-drug O O O O O O O O O O O O O O O O O O O O O O O
Predicted: O O O O O O O O B-drug O B-drug O O O B-drug O O O O O O B-drug O O
Predicted: O O O O O O O O O O B-drug O O O O O O O O
Predicted: O O O O O O O O
Predicted: O O O O O O O O O O O O O O O O O O O O O O O B-group I-group O O B-group O B-group O B-group O O O O B-group O
Predicted: O O O O O O O O O O O O
Predicted: O O O O O O O O O O O O O O O O O O
Predicted: O O O O O O O O O B-group O O O O O O O O O O O O O O O O O O O O O O B-drug O O O O O O O O O O O O O O O O O O O
Predicted: B-drug O O O O O O
Predicted: O O O O O O O O O O O O O O O O O O O O O
Predicted: O O O O O O O O O O O O O O O O O O O
Predicted: O O O O O O O O B-drug O O O O O O O O O O O O O O O O O B-drug O
Predicted: O O O
Predicted: O O O O O B-drug O O O O O O O O O B-group I-group O
Predicted: O O O O O O O B-drug O O O O O O O O O O O O O O O O O O O O O O O
Predicted: B-drug O O O O O O O
Predicted: O O O O O O B-drug O O O O O O O O O O O O O O O O O O
Predicted: O O O O O O O B-drug O O
Predicted: O O O O O O O B-drug O O O O O O B-drug O O O O O O
Predicted: O O O O O O B-drug O O O O O O B-drug O B-drug O O B-drug O O O B-drug O O O O O O O
Predicted: B-drug O O O B-drug O O O O O O O O O O O O O B-drug O O O O B-drug O O O O O O O O O O O O O
Predicted: O O O O O B-drug O O O O O O O O O O
Predicted: O O O O B-drug O B-drug O O B-drug O O O O O O O O O O O
Predicted: O O O O O O B-drug O O O O O O O O O O O O O O
Predicted: B-group I-group O B-drug O O O O O O O O O
Predicted: O O O O O O O O O O O B-drug O O O O O O
Predicted: B-drug O O O O O O O O B-drug O B-drug O O O O O O O O O O O O O O O O O O B-drug O O O O O O O O O O O O B-drug O O O O O
Predicted: B-drug O O O O O O O O O O O O O O B-drug O B-drug O O
Predicted: O O O O O O O O B-drug O B-drug O O O O O O O O O O O O O O O O O O O O
Predicted: O O O O O O O O O O O B-drug O O O O O O
Predicted: B-drug O O O B-drug O O O O O O O O O O O O B-drug O O O O O O O O O O O O O O O O O O O B-drug O O O O O O O
Predicted: O B-drug O O O B-drug O O B-drug O O O O O
Predicted: O O O O O O O O O O
Predicted: O B-drug O O O O O O O B-drug O O O O O O
Predicted: O O O O O B-drug O B-drug O O B-drug O O O O O O B-drug O O O O O O O O O O
Predicted: O O O O O O O B-drug O O O O O O O O O O O O O O O O
Predicted: O O O O O O O O O O B-drug O O O O O O O O O B-drug O O O O B-drug O O O O B-drug O B-drug O O O O O B-drug O O O
Predicted: O O B-drug O B-drug O O O O O O O O O O O
Predicted: B-drug O O O O O O O B-drug O O B-drug O O O O B-drug O O O O O O O O O O O O O
Predicted: O O O O O O O O O O O O B-drug O O O
Predicted: O
Predicted: 
Predicted: B-drug O O O O O O O O B-group I-group I-group O O O O O O O O O
Predicted: O O O O O O O B-drug O O O O O O O O
Predicted: B-drug O O O O O O O O O O O
Predicted: O O O O O O O O O O O B-drug O
Predicted: B-drug O O O O O O O O O O O O O O O O O O O O O O O O O O O O O O O O O O
Predicted: O O O O O O O O O O O O O O O O O O O O O O O O O O O O O B-drug O
Predicted: O O O O O O O O O O O O O O O O O O O O O O O O O O O O O O O O O O
Predicted: O O O O B-drug O O O O O O O B-group O
Predicted: B-drug O O O O O O O O O O O O O O O
Predicted: O O O O O O O O B-group I-group I-group O O O O O O O O
Predicted: O O O O O O O O O O O
Predicted: O O O O O O O O O O O O B-drug O B-drug O B-drug O B-drug O B-drug O
Predicted: B-drug O O O O O O O O O O O B-drug O O O O O
Predicted: O O O O O O O O O O O O
Predicted: B-drug O O O O O O B-drug O O O O O O O O B-drug O O B-drug O O O O O O O O O
Predicted: B-drug O O O O O O O O O O O O O B-drug O O
Predicted: O O O O O O O B-drug O O O O O O O O O O
Predicted: O O O O O B-drug O O O O O O O O O O O O O O O O O O
Predicted: O O O O O O O B-drug O O O O O O O O O O O O O O O
Predicted: O O O O O O O O O O O O O O O B-group I-group O O O B-drug O B-drug O B-drug O O B-group O O O O O O B-drug O O O O O O O O
Predicted: O O O B-group I-group O O O O O B-drug O O O O O B-group I-group I-group B-drug
Predicted: O
Predicted: 
Predicted: O O O O O O O O O O O
Predicted: O O O O O O O O O O O B-group I-group O O O O O B-brand O O O O O O O O O O O O O O O O O O
Predicted: O O O O O O O O O O O O O O O O O
Predicted: O O O O O O O O O O O O O O O O
Predicted: B-drug O O O O O O O O O O O O O O O O O O B-drug O O O O O O O B-drug O O O O O O O B-drug O O O O O O O O O O O O O O O O
Predicted: B-drug O O O O O O O B-drug O O O O O O O B-drug O O O O O O O B-drug O
Predicted: B-drug O O O O O O O O O O O O O O O O O O O O O O O O O O O O B-drug O
Predicted: O B-drug I-drug O O O O O O O O O O O O O O O O O O O O O O
Predicted: O O O O O O B-drug I-drug O O O O O O
Predicted: O O O O O O O O O B-group I-group O B-group I-group O O O B-group I-group O O O O O O O
Predicted: B-drug O O O O O O O O O O O O O O O O O O O O O O O O O O O O O O B-drug O
Predicted: B-drug O O O O O O O O O O O O O O O O O O O O O O O O O O O O B-drug O O O O O
Predicted: O B-group O O O O O O O O O O O O O O O O O O O O O O O O O O O O O O B-group O
Predicted: B-drug O O O O O O O O O O O O O O O O O O O O O O O O O O O O O B-drug O
Predicted: B-drug O O O O O O O O O O O O O O O O O O O O O O O O O O O O O O O O B-drug O
Predicted: B-drug O O O O O O O O O O O O O O O O O O O O O O O O O O B-drug O O O O O O O O O O O O O O O O O O
Predicted: O O O O O O O B-group I-group O O O O O O O O O B-group I-group O O O B-drug I-drug O O O O
Predicted: O O O B-group I-group O O O O O O O O O O O O O B-drug O O O O O O O O O O O O O O
Predicted: O O O O O O O O O O O O
Predicted: O O O O O O O O B-drug I-drug O O O O O O O B-drug O B-drug O B-drug O B-drug O
Predicted: O O O O O O O O O O O O O O O O O O
Predicted: B-drug I-drug O O O O O O O O O O O O O O B-group I-group O B-group I-group O O B-group I-group I-group O
Predicted: O O O O O O O O O O O O O O O O O O O O O O O O O O O B-drug O O O O O O O O O O O O O O O O B-drug O O O O O O O O O O O O O O O O O O O B-drug O
Predicted: O O O O O O O O O O O O
Predicted: O O O O B-drug I-drug O O O O O O O O O O O O O
Predicted: O O O O O O O O O O O O O O
Predicted: B-drug I-drug O O O O O O O O O O O O O O
Predicted: O O O O B-drug O B-brand O B-drug O B-drug O O B-drug O B-drug O O
Predicted: O O
Predicted: O O O O B-drug O O O B-drug O B-drug O O
Predicted: O O
Predicted: B-group O O O B-drug O O
Predicted: O O
Predicted: B-group I-group O O O B-drug O B-drug O B-drug O O
Predicted: O O
Predicted: B-group O
Predicted: O O
Predicted: B-group I-group O O O B-group O O
Predicted: O O
Predicted: O O O O O
Predicted: O O
Predicted: O O B-group O O O B-drug O O
Predicted: O O
Predicted: O O O O O
Predicted: B-drug O O O O O O O O O O O O O
Predicted: O O O O O O B-drug O O O O O O O O O O B-drug O O O O O O O O O O O O O O O O O O O O O O O O O O O O
Predicted: O O O B-drug O O O O O O O O O O O O O O O O O O O O O
Predicted: O O O O O O B-drug O O O O O O O O O O O O O O O O O O O O O O
Predicted: O O O O O O O O O O O O O O B-drug O O O O O O O O O O O O O O
Predicted: B-drug O O O O O O O O O O O O O O O O O O O O O O O O
Predicted: O B-drug O O O O O O O B-drug O B-group O O B-group
Predicted: O
Predicted: O B-drug O O O O O O O O
Predicted: O
Predicted: O O O O B-group I-group O O O O O B-drug O
Predicted: O O O O O O O O O O O O O O O O O O O O O O O O O O O O O O
Predicted: O O O O O O O O O O O O O O O
Predicted: O O O O O O O O O O O O O O O O O O O O O O O O O O O O O O O O O O
Predicted: O O O O O O O
Predicted: O O O O O O O O O O O O O O O O O O O O O O O
Predicted: O O O O O O O O O O O
Predicted: O O O O O O O O O O B-group O O O O O O O B-drug O O O O O
Predicted: O O B-drug O B-drug O O O O O O O O O O O O O O O O O O
Predicted: O O O O O O O O O O
Predicted: O O O O O O B-drug O O O O O O O O O O O O O O O O O O O O O B-drug O O O O O O O O O O O O O O O O O
Predicted: O O O O O O O O O O O O O O
Predicted: O O O O O O O O O O O O O O
Predicted: O O O O O O O O O O O B-brand O O O O O O O O O O O O O O O B-drug O O O O
Predicted: O O O O O O O O O O O O O
Predicted: O O O O O O O O O B-drug O O O O O O O O O O O O O
Predicted: O O O O O O O O O O O O O O O O O O O O O O O O O
Predicted: O O O O O O B-drug O B-group O O O
Predicted: O O O O O O O O O O B-drug O O O O O O O O O
Predicted: O O O O O B-drug I-drug I-group O O B-drug O O O O O O O O O O O
Predicted: O
Predicted: 
Predicted: O O O O O
Predicted: O O O O O O O O O O O O O
Predicted: O O O O
Predicted: O O O O O O O O O O O O O O O O O O O O O O O O O O O O O
Predicted: O O O O O O O O O O O O O O
Predicted: O O O O O O O O
Predicted: O O O O O O
Predicted: O O
Predicted: O O O O O O O O O O O O O O O O O O O B-drug O O O O O O O O O O O O O O O O O O O
Predicted: O O O O O O O O O O O
Predicted: O O O O O O O O O
Predicted: O O O O O O O O O O B-group I-group O
Predicted: O O
Predicted: O O O O O O O O O O O O B-group O O O O O O O O O O O O O O O O O O O B-group O B-group I-group O O O
Predicted: O O O O O O O
Predicted: O O O O O O O O O O O O O O O
Predicted: O O
Predicted: O O O O O O O O O O O O O O O O O O
Predicted: O O
Predicted: O O O O
Predicted: O O
Predicted: O O O O O O
Predicted: O O O O O O O O O O O O
Predicted: O O O O O O O O O B-drug_n O O O O O O O O O O O O O O O O O O O O O O
Predicted: O O O O O O O O O O O O O O O O O O O O O O O O O O O O O O O O O O O O
Predicted: O O O O O O O O O O O O O O O O O O O O O O O O O O O O O O O O O O O O
Predicted: O O O O O O O O O O O O O O O O O O O O O O
Predicted: O O O O O O O O
Predicted: O O O O O O O O O O O O O O O O O O O O
Predicted: O O O O O O O O O O O O
Predicted: O O O O O O O O O O O O O O O
Predicted: O O O O O O O O O O O O O O O O O O O O O O
Predicted: O O O O O O O O O O O O O O O O O O O O O O O O O O O O O O O O O O O O
Predicted: O O O O O O O O O O O O O O O O O O O O O O O O O
Predicted: O O O O O O O O O O O O O O O O O O O O O O O O O
Predicted: O O O O O O O O O O O O O O O
Predicted: O O O O O O O O O O O O O B-group I-group I-group O O O O O
Predicted: O O O O O O O O O O O O O O O O O B-group I-group I-group O
Predicted: O O O O B-drug O O O O O O
Predicted: O O O O O O O O O O O O O O O O O O O O O O
Predicted: O O O O O O O O O O O O B-drug O O O O O O O O O
Predicted: O O O O O O O O O O O O B-drug O O B-drug O O O
Predicted: O O O O O O O O O O B-drug O O O O
Predicted: O O O O O O O O O O O O O O O B-group O O O O O O O O
Predicted: O O O O O O O B-group I-group B-drug O
Predicted: B-drug O O O O O O O O O O O O O
Predicted: B-group O O O O O B-drug O
Predicted: O O O O O O O O O O O O O O O O
Predicted: O O O O O O O B-drug O
Predicted: B-drug O O O O O B-group O O O O O B-drug O O
Predicted: B-group O O O O O O O O O B-group I-group O
Predicted: O O O O O B-group I-group I-group I-group O
Predicted: O O O O O O O O O O O O B-group O B-group I-group O O O B-group O
Predicted: O O B-group I-group O B-group O O O O O O O O O O O O O O O O O
Predicted: O O O O O O O O O O O O O B-group O O O O O O
Predicted: O O O O O O O O B-drug O B-group O B-group O O B-group O O O O O O O O O O O O O O B-drug O B-drug O O O O O O O O O O O O O B-drug O O O O O O B-drug O O O O O O O O O O O O O O O O O O O O O O O O O O O O O O O O
Predicted: O O O B-drug O O O O O O O O O O
Predicted: O O O O B-drug O O O O B-drug O O O O O O O O O O O O O O O O O B-drug O O
Predicted: B-drug O O O O O O O O O O B-group I-group I-group O O O O O B-group O O O O O O O O O O O
Predicted: O O O O O O O O O O O O O B-drug O O B-drug O O B-drug O O O
Predicted: O O O O O O O O B-drug O O O O O O O O O O O B-drug O
Predicted: O O O O O O O O O O O O O O O B-drug O O O O O O O O O O O B-drug O B-drug O B-drug O O O O O B-group I-group O O B-drug O
Predicted: O B-group I-group O O B-drug O
Predicted: B-group I-group O O B-drug O
Predicted: O B-group I-group I-group O O B-drug O O O O O B-drug O O O O O B-drug O B-drug O O
Predicted: O O O O O O B-drug O O O O O O O O O O O B-drug O O O O O O O
Predicted: O O B-drug O O O O O O O O O O O
Predicted: B-drug O O O O O O O O O O O B-drug O
Predicted: O O O O O O O B-group I-group I-group O O O O O O O O O O B-group O O
Predicted: O O O O O O O O O O O O O O O O B-drug O O O O O O
Predicted: O O O O O O O B-drug O O O O B-drug O O O O O O O
Predicted: O O O O O O B-drug O O O O O O O O B-group O
Predicted: O O B-drug O O O O O O O O B-drug O
Predicted: B-drug O O O O O O O B-drug O O O O B-drug I-drug O O O O O O O O O O O O O
Predicted: O O O O O O O O O O B-drug I-drug O O O B-drug O O O O O O O O O O O O O O O O O O O B-drug I-drug O O
Predicted: O O O O O O O O O O O B-drug O O O O O O O O O B-drug I-drug O O O O O O O O O O O O O O B-drug O O O O O O O O O O O O O O O O O O O O B-drug I-drug O O
Predicted: O O O O O O O O O O O B-drug I-drug O O O O B-drug O O O O O O O O O O O O O O O O O B-drug I-drug O
Predicted: O O O B-drug O O B-drug O O O O O O O O O O O B-drug I-drug O
Predicted: B-drug O O O O O O O O O B-drug O
Predicted: O O O O O B-drug O B-drug O O O O O O O O O O O O O O O O O O O O O B-drug O O O
Predicted: O O O O O O O O O O O O O O O O B-drug O O O O O O O O B-drug I-drug O
Predicted: O O B-drug O B-drug O O O O O O B-drug I-drug O
Predicted: O O O O O O O B-drug O O O O O O O O O O O O O O O O O B-drug O O O O O O O O O
Predicted: O O O O O O O O O O O O O O O O B-drug I-drug O O O O O O O O B-group I-group I-group O O O B-group I-group O B-group O O B-group I-group I-group O B-group O O O O O O O O O
Predicted: O O O B-drug O O O O O B-group O O O O
Predicted: O O O O B-group O O O O O B-drug O O O O O B-drug O O O O B-drug O O O O O O O O O O O O O O B-drug O O B-drug O O O O B-drug O
Predicted: O O O O B-drug O O O O O O O O O O O B-drug O O O O O O O O O O O O B-drug O
Predicted: O O B-drug O O O O O O O B-drug O O O O O O
Predicted: B-drug O O O O O O O O O O O O O O O O B-drug O B-drug O
Predicted: O O O O B-drug O O O O O O O
Predicted: O O O B-drug O O O O O O O O B-group I-group O
Predicted: O O O O O O B-drug O O O O O O O O O O O O
Predicted: B-drug I-drug O O O O O O O O B-group I-group O O O O O O O B-group I-group O O O O O O O O
Predicted: O
Predicted: O O O O O O O B-group O O O O O O O O O O O O O O O O O O O O O O O O O O O O O O B-group
Predicted: O
Predicted: O O O O O O O O O O O O O O B-group O O O O O O O O O O O O
Predicted: O O B-group I-group O O O O O O O O O O O O O O O O O B-group O O O O O O O O O O
Predicted: O O O O O O O O O O O O O O O O
Predicted: O O O O O B-group I-group O O O O O O O O O
Predicted: O O O O O O O O O O O O O O O O O O O O O O O O O O O O O O O O O O O O O O O O O O O O O O O O O O
Predicted: O
Predicted: B-drug O O O O O O O O O O O B-drug O O O O O O O O
Predicted: O O O O O O O O O O O O O O O O O O O O O O O O O O O O O
Predicted: B-drug O O O O O O
Predicted: O O O O O O O O O O O O O O O O O O O B-drug O O O
Predicted: O O O O O O O O O O O
Predicted: O
Predicted: O B-group O O B-group O O O O O O
Predicted: O O O O O O O O O O O O O O O O O O O O B-group O O O
Predicted: O O O O O O O O O O O O
Predicted: O O O O O O O O O O O O O B-group I-group O O O O O O O O O O O O O O
Predicted: O O O O O O O O O O
Predicted: O O O O O O O B-group I-group I-group O O O O O O O O O O
Predicted: O O O O O O O O O O O O O O O O O O O O O O O O O O O O O O O O O O O
Predicted: O O O O O O O O O O O O O O O O O O O O O O O O O O O
Predicted: O O O O O O O O O O O O O O O O O O O O O O O O O O O O O
Predicted: O O O O O O O O O O O O O O O O O O O O O O O O O O O O O O O O O
Predicted: O O O O O O O O O O O O O O O O O O O O
Predicted: O O O O O O O O O O O O O O O O
Predicted: O
Predicted: O O O O O O O O O O O O O O
Predicted: O O O B-drug O O O O O O O O O O O O O
Predicted: O O O O O O O O O O O O O O O O O O O O O O
Predicted: O O O O O O O O O O O O
Predicted: O
Predicted: O O O O O O O O O O O O O O O O O O O O O O O O O O O O O O O O O O O O O O O O O O O O
Predicted: O
Predicted: B-drug O O O O O O O O O O O O O O O O
Predicted: O O O O O O O O O O O O O O O O O O O O O
Predicted: O
Predicted: O O O O O O O O O O O O O O O O O O
Predicted: O O O O O O O O
Predicted: O O O O O O O O O O O O O O O O
Predicted: O O O O O O O O O O O O O O O O O O O O O O O O O O O O O O O O O O O O O O O O O O O O O O O O O O O O O O O O O O O
Predicted: O O O O O O O O O O O O O O O O O O O O O O O O O
Predicted: O O O O O O O O O O
Predicted: O O O O O O O O O O O O O O O O B-group O B-drug O O O O
Predicted: O O O O O O O O O O O O O
Predicted: B-drug O O O O O O O O O O O
Predicted: O O O O B-drug O O O O O O O O O O
Predicted: O O O O O O O O O O O O O O O O O O O O O B-drug O O O
Predicted: O O O O O O O O O B-group O O O O O O O O O B-drug O O O O O O O O O O O O O O O O O O O O O O O O O
Predicted: O O B-group I-group I-group O O O O O O B-group I-group O O O O O O O O O O O O O O O
Predicted: O O O O O O O O O O O O O O
Predicted: O O O O B-group I-group I-group O B-group O B-group I-group O O O O O O O O O O
Predicted: O O O B-group I-group I-group O O O O O O O O O O O O O O O
Predicted: B-drug O O B-drug O O O O O O O O O O O O O
Predicted: O O O O O O O O O O B-drug O O O
Predicted: B-drug O B-group O O O O O O O O O O O O O O O B-drug O O O O
Predicted: O O O O O O O O O O O O O O O O O O O O O O O O
Predicted: O O O O O O O O O O O O O O O O O O O O O O O O O O O O O
Predicted: O O O O O O O O O O O O O O O O O O O B-drug O O O O O O
Predicted: O O O O O O O O O O O O B-group I-group O
Predicted: O O O O O O O O O O O O O O O O O O
Predicted: O O O O O O O O O O B-group O B-group O
Predicted: O O O O O O O O O O O B-group O O O O O
Predicted: O O O O O O O O O O O O O
Predicted: O O O O
Predicted: O O O O O O
Predicted: O O O O O O O O O O O O O O O O O O O O O O O O O O O O O
Predicted: O O O O O O O O O O O O
Predicted: O O O O O O O O O O
Predicted: O O O O
Predicted: O O O O O O
Predicted: O O O O O
Predicted: O O O O O O O
Predicted: B-drug O O O O O O O O O O O O O O O O O O O O O O O O O O O O O O B-drug O O O O O O O O O O O
Predicted: O O B-drug O O O O O
Predicted: O O O O B-drug O O O O O
Predicted: O O O O O O O O O O O O O O O O O O O O O O O O O O O O O O B-drug O O O O O O O O O
Predicted: O O O O O O O O B-drug O O O O O O O O O O O O O O O O O O O O O B-drug O O O O O O O O O O O O
Predicted: O O O O O O O O O O O O B-drug O
Predicted: O O O O O O O O O B-drug O O O O O O O O O B-drug O O O O O O O O O O O O O O O B-drug O O O O O
Predicted: O O O O O O O O O O O O O O O O O O O O O O O O O O O B-group O B-drug O O O O O O
Predicted: O O O O O O O O O O O O B-drug O B-drug O O O O O B-drug O O B-drug O
Predicted: B-drug O O O O O O O O O O O O O O O O O O O O O O
Predicted: O O O O O O O O
Predicted: O O O O O O O O O O O O O O O O O B-drug O B-drug O O O O O O
Predicted: O O O O O O O O O O O O O O O O O O O O O O O O O
Predicted: O O O O O O O O O O O O O O O O O O O O O O O O B-drug O B-drug O B-drug O O B-group O B-drug O O O O O O O B-drug O B-drug O O B-drug O
Predicted: O O O O O O O O O O O O O O O O O O O O O O O O O O O O O O O
Predicted: O O O O O O O O O B-group I-group I-group O B-group O O O O
Predicted: B-drug O O O O O O O O O O O O O O O O O O O O O O
Predicted: O O O O O O O O
Predicted: O O O O O O O O O O O O O O O O O B-drug O B-drug O O O O O O
Predicted: O O O O O O O O O O O O
Predicted: B-group O O O B-group O O O O O O B-drug O
Predicted: O O O O O O O O O O O O O B-drug O O O O
Predicted: B-drug O B-drug O O O O O B-drug O O O O O O
Predicted: O O O B-drug O O O O
Predicted: B-drug O O O O O O O O B-drug O O O O O B-drug O
Predicted: O O O O O O O O O O O O O B-drug O O O O
Predicted: B-drug O O O O B-drug O O O O O O O O O O O O O O O O
Predicted: O O O O O O O O O O O O O O O B-drug O O O O
Predicted: O O O O O O O O O O O O O O B-drug O O O B-drug O O O O O B-drug O O O O O I-group I-group O O O O O O B-drug O B-drug O B-drug O B-drug O O B-drug O O O O
Predicted: O O O O O O O O O O O O O O O O O O O O B-group O O O O O O O O O O O O O O O O O O O O O O O O O O O O O O O O O O O O O O O O O O O O O O O O O O O O O O O O O O O O O
Predicted: O O O O O O O O O O O O O O O O
Predicted: B-group I-group O O B-drug O O O O O O O O O B-group I-group O O O O B-group O B-group O B-group O O O O B-drug O O O O O O O O
Predicted: O O O O O O O O B-group O O O O O B-group I-group O O O O O O O O O
Predicted: O O O O O O O O O O O O O O O O O O O O O
Predicted: O O O O O O O O O O O O O O
Predicted: B-group O B-drug O O O O O O O O O O O O O O O O
Predicted: O O B-group O B-group O B-drug O B-drug O O B-drug O O B-drug O O O O O O B-drug O O O B-group O B-drug O B-drug O O O O O O O O O O O B-brand O B-drug O O O O O O O O O O O O O O O O O O B-group O O O O O O O O O O
Predicted: O O O O O O O O O O O O O O B-drug O O
Predicted: B-drug O B-drug O O O B-group O O O O O O B-drug O B-drug O
Predicted: O O O O O O O O O O O O
Predicted: O O O O O O O O O O O O O O O O O O O O B-drug O B-drug O
Predicted: B-drug O B-drug O O O O O O O O B-drug O
Predicted: O B-drug O O O B-drug O O O O O O O B-drug O
Predicted: O O O O O O B-drug O O O O O B-drug O O B-drug O O O O O O O O O O O O B-drug O O O O B-drug O O O O O O O O O O O O
Predicted: B-drug O O O O B-drug O O O O O O O O O O B-drug O O O
Predicted: O O O O B-group O O O O O O O O B-drug O O O O O O O O O O O O O O O O O B-group I-group O O O B-drug O O O O
Predicted: O O O O O O O O O O O O O O B-drug O B-drug O O B-drug O B-drug O O O O O O O O
Predicted: O O O O O O O O O O O O B-drug O O O O O O
Predicted: O O O O O O O O O B-drug I-drug O O O O B-drug O O
Predicted: O O O O B-group O O O O O O O O O B-drug O
Predicted: O O O O O O
Predicted: O B-drug O B-drug O B-drug O B-drug O O B-drug O
Predicted: O O O O O O O O B-drug O O O O O O O O O O O
Predicted: O O O O O O O O O O O O O O O O B-drug O
Predicted: O O O O B-group O O O O O O O O O O O O O B-group O O O O O O O O O O
Predicted: B-group I-group O O O O O O O O O O O O O O O O O O O B-group O O B-group I-group O
Predicted: O O O O O O O O O O O O O O O
Predicted: O O O B-drug O O O O O O B-group O O O O
Predicted: O O O O O O O O O O O O O O O O O O O O O O O O O O O
Predicted: O O O O O O O O O O O O O O O O O O O O O O O O B-group O O O O
Predicted: O O O O O O B-group I-group O O B-group O B-drug O O B-group I-group O O B-group O O O O B-group O O
Predicted: O O O O O O O O O O O O O O O O O O O O O O O O O B-group I-group O O B-drug O O O O O O O O O O O O O O O O O O
Predicted: O O O O O O O O O O O O
Predicted: O O O O O O O O O O O O O O
Predicted: O O O O O O O O O O O O O O O O O O O B-group O O O O O O O O O O O O O O O O O O O O
Predicted: O O O O O O O O B-group O O O O O O O O O O O O
Predicted: O O O O O O O O O O O O O O O O O O B-group I-group O
Predicted: O O O O O O O O O O O O O O O O O O O O O O O O O O O O O O O
Predicted: O O O O B-drug O O O O O O O O O O
Predicted: O O O B-drug_n O O B-drug I-drug O O O O O O O O O O
Predicted: O O O O O O O O B-drug_n O O O O O O O O O O O O O O O O
Predicted: O O O O O O O O O O O O O O O O O O O O O O O O B-drug O O O O O O O O O O O O O
Predicted: O O O O O O O O O O O O O O O O O O O O O O O O O O O O O O O O O O O O O O O O O O O O O O O O O O O O O
Predicted: O O O O O O O O O O O O O O O O
Predicted: O O O O O O O O O O O O O O O O O O O O O O O O O O O O O O O O O O O O O O O O O O O O O O O
Predicted: O O O O O O O O O O O O O O O O O O B-drug I-drug O
Predicted: O O O O O O O O O O B-drug O O O O O O O O O O O O O O O O O O O O O O O O O O O O O O O
Predicted: O O O O O O O O O O O O B-drug O O O O B-drug O O O O O O O O O O O O O O
Predicted: O O O O O O O O O O O O O O O O O O O
Predicted: O O O O O O O O O O O O O O
Predicted: O O O O O O O O O O O O O O O O O O O O O
Predicted: O O O O O O O O O O B-drug O O O O O O O O O O O O O O O O O O O O O O O B-drug O O O O B-drug O O O O O O O O O O O O B-drug O O O O O
Predicted: B-drug O O O B-drug O O O O O O O O
Predicted: O O O O O O O O B-drug O O O O O O O O O O O O O O O O O O O
Predicted: B-drug O O O O O B-drug O B-drug O O O O O O O O O O O O O O
Predicted: B-drug O O O O O B-drug O B-drug O O O O O O O O O O O O O O O O O O
Predicted: O O O O O O O O O O O O
Predicted: O O B-drug O O O O O O O O B-drug O O O
Predicted: O O O O O O O O O O O O O O O O B-drug O O O O O O O O O
Predicted: O O O O O O O B-drug O O O O O O O
Predicted: O O O O O O O O O O O O O O O O O O B-drug O O O O O O O O
Predicted: O O O O O O O O O O O O O O O O
Predicted: O O O O O O O O O O O O O O O O O O O O O O O O O
Predicted: O O O O O O O O O O O O O O O O O O O O O O O
Predicted: O O O O O O O O O O O O O O O O O O O O O O O O O O O
Predicted: O O O O
Predicted: O O O O O O O O O O O O O O O O O O O O O O O O O O O O O O O O O O O O O O O
Predicted: O O O O O O O O O O O O O O O O O B-drug O O O O O
Predicted: O O O O O O O O O O O O O O O O O O O O O O O O O O O O O O B-drug O O O
Predicted: O O O O O O O O O O O O O O O O O O O O O O O O O
Predicted: O O O O O O O O O O O O O O O O O O O O O O O O O
Predicted: O O O O O O O O O O O O O O O O O O O O O O O O O O O O O O O O O O O O O O O O O O
Predicted: O O O O O O O O O O O O O O O O O O O O O O O O O O
Predicted: O O B-drug O O O O O O O O O O O O O O O O O O O O
Predicted: O O O O O B-drug O O O O O O O O O O O O O O O O O O O O O O
Predicted: O O O O O O O B-drug O O O O O O O O
Predicted: O O O O O O O O O O O O O O O O O O O O O O O O O O O O O O O
Predicted: O O B-group I-group O O O O B-drug I-drug O O
Predicted: O O O O O O O B-drug I-drug O O O O O O O O O O O O
Predicted: O O O O O O B-drug O O O O O O O O O O O O O
Predicted: O O B-drug I-drug O O O O O O O O O O O O O O O O O O O O B-drug O O
Predicted: B-drug O O O O O O O O O O O O O O O O O
Predicted: B-group I-group I-group O O O B-drug O B-drug O B-drug O O O O O O O O O O O O O
Predicted: O O O O O O O O O O O O O O O O
Predicted: O O O O O B-group I-group O O O O O O O O O O O O O O O O O O O
Predicted: O O O B-group I-group O O O O B-drug I-drug O O O O O O O O O O O O O O O
Predicted: O O O O O O O O O O O O O O O O O O O O O O O O O O O O O O O O O O O O O O O O O O
Predicted: O O O O O O O O O O O O O O O O O O O O O O O
Predicted: O O O O O O O O O B-group I-group O B-group O O O O O O
Predicted: O O O O O O O O O O O O O O O O O O O O O O O O O O O O O O O B-group O O
Predicted: O O O O O O O O O O O O O O O O O O O
Predicted: O O O O O O O O O O B-group O O O O O O O O O O O O O O O
Predicted: O O O O O O O O O O O O O O O O O B-drug O
Predicted: B-drug O O O O O O O O O O O O B-group O B-group O O O B-group I-group I-group B-drug O B-drug O O
Predicted: O O O B-group I-group I-group I-group O B-group O O O O B-drug O B-drug O B-drug O B-drug O O B-drug O O O O O O O O I-group O O O O O
Predicted: O O O O B-group O O O O O O O O O O O O O O O O O B-group O O
Predicted: O O O O O O O O O B-group O O O O B-group O O O O O O O O O O O
Predicted: O O O O O O O O O O O O O O O O O O B-drug O O O O O O O O O O O O O O O O O O O O O
Predicted: O O O B-group I-group O O O O O O O O O O O O O O O O O O B-group I-group O O O O O
Predicted: O O O O O O O O O O O O O O O O O B-group I-group O O O O
Predicted: O O O O O B-group O O O O B-group O O O O O O O O O O O O O O O O O
Predicted: O O O O O O O O O O O O O O O O
Predicted: O O O O O O O O B-drug O B-group I-group I-group I-group O B-group O O O O O O O O O O O O O
Predicted: O O O O O O O O O O O O O
Predicted: O O O O O O O O O O O O O O
Predicted: B-group I-group O O O O O O O O O O O O O O O O O O B-group I-group O
Predicted: O O B-group I-group O O O O O O O O O O O O O O O O O
Predicted: O O O O O O O O O O O O O O O O O O O O O O O O O O O O O O O O
Predicted: B-drug O B-drug O O O O O O O O O O O O O O B-group I-group O
Predicted: O O O O O O O O O O O O O O O O O O O O O O O O O O B-group I-group O B-drug O O O O
Predicted: O O O O O B-group I-group O O O O O O O O O O O O B-drug O
Predicted: O O O O O O O O O O O B-group I-group O O B-drug O O O O B-drug O O O O O O O O B-group I-group O O O O O O O
Predicted: B-drug O O O O O O O O B-drug O O O O O O O O O O O O O O
Predicted: O O O O O O O O O B-drug O O
Predicted: O O O O O O O O O O O O O O O O O O O O O O O O O O O O O O O O O O O
Predicted: O O O O O O O O O O O O O O O O O O O O O
Predicted: O O O O O O O O O
Predicted: O O O O O O O O O O O B-drug O O O O O O O O O
Predicted: O O I-drug O O O O O O O O O O O O O O O
Predicted: O O O O B-drug O O O
Predicted: O O O O O O O O O O O B-drug O
Predicted: O O O O O O O O O O O O O O O O
Predicted: O O O O B-drug O O O O O O O O O O O O O O O O O O O
Predicted: O O O O O O O O O O O O O
Predicted: O O O O O O O O O O O O O O O O O O O O O O
Predicted: O O O O O O O O O
Predicted: O O O O O O O O O O O O O O O O O
Predicted: O O O O O O O O O O O O O O O O O O O O O O
Predicted: O O O O O O O O O O O O O O O O O O O O O O O O O O O O O O O O
Predicted: B-drug I-drug O O O B-group I-group O O B-group O B-group O B-group O B-group O O O B-group I-group O O B-drug O O O O O O
Predicted: O O O
Predicted: O O O O O O O O O O O O O O O O
Predicted: O O O O O O O O O O O
Predicted: O O O O O O O O O O O O
Predicted: O O O O O O O O O O O O O O O O O O O O O O O O O O O O O O O O O O O O O O O
Predicted: O O O O O O O O O O O O O O O O O O O O O O O O O O O O O O O O O O O
Predicted: O O O O O O O O O O O O O O B-drug O B-drug O B-drug O O
Predicted: O O O B-drug O O O O O O O O O B-drug O O O O O O O O O O O O O B-drug O O O O O B-drug O
Predicted: O O O O O O B-drug O O O O O O B-drug O
Predicted: O O O O O O O O O O O B-drug O O O O O O
Predicted: O O O O O O O O O O O O O O O O O O O O O
Predicted: O O O B-drug O O O O O O O O O O O O O O O O O O O
Predicted: O O O O O O O O O O O O O O O O O O O O O
Predicted: O O O O O B-drug I-drug O O O O O O O O O O O O O O O O O
Predicted: O O O O O O O O O O O O O O O O O O O O O O
Predicted: O O O O O O O O O O O O O O O O O O O O O O
Predicted: O O O O O O O O
Predicted: O O O O O O O O O O O O O O O O O O O O O O O O O O O O O O
Predicted: O O O O O O O O O O O O O O O O O O O O O O O O O O O O O O O O O O
Predicted: O O O O O O O O O O O O O O O O O
Predicted: O O O O O O O O O O O O O O O O O O O O O O O O O O O
Predicted: O O O O O O O O O O O O O O O O O O O O O O O O O
Predicted: B-group O B-group I-group O O O O O B-group I-group I-group O O B-group I-group I-group O B-group O O O B-brand O O O O O O O O O O B-drug O
Predicted: B-drug O O O O O O O O O O
Predicted: O O O O O O O O O O O O O O O O O O O O O O O O O O O O O O O
Predicted: B-drug O O O O O
Predicted: O O O O O O O O O O O O O B-drug O O O O O O O B-drug O
Predicted: O O O O O O O O O O O O O O B-drug O O O O O O O O B-drug O
Predicted: O O
Predicted: O O O O O O O O
Predicted: O O O O O O O
Predicted: O O B-drug
Predicted: O O O O O O O O O O O O O O
Predicted: B-group I-group O B-drug O B-drug O B-drug O B-drug
Predicted: O O O O O O O O O O O O O O O O O O O O O O O O O O O
Predicted: O O B-drug O B-drug
Predicted: O O O O O O O O O O O O O O O O O O O
Predicted: O O O O B-drug
Predicted: O O O O O O O O O O O O O O
Predicted: O O B-drug
Predicted: O O O O O O O O O O O O O O
Predicted: O O O O O O O O O O O
Predicted: O O O O O O O O O O O O O O O O O B-group I-group O
Predicted: O O B-drug
Predicted: O O O O O O O O O O O O O O O O O B-group I-group O O O B-group I-group O
Predicted: B-group I-group I-group O B-drug O B-drug
Predicted: O O O O O O O O O O O O
Predicted: B-group I-group O B-drug
Predicted: O O O B-drug O O O O O O O O O
Predicted: O O O O O O O O O O O O O B-drug O O O O
Predicted: O O
Predicted: O O O O O O O O O O O O O O O O O O O O O O O O
Predicted: O O
Predicted: O
Predicted: O O
Predicted: B-group I-group I-group
Predicted: B-drug
Predicted: B-drug O
Predicted: O O O O O O O O O O O O O O O B-drug O O O O O O O
Predicted: B-drug
Predicted: B-drug O B-drug O O O O O O O O O O O O O O O O
Predicted: B-drug
Predicted: B-drug O
Predicted: O O O O B-drug O O O O O O B-drug O O O O O
Predicted: O O B-drug O O O O O O O O O O O O O B-drug O O O O O
Predicted: B-drug
Predicted: B-drug O
Predicted: O O O O O O O O O O O O O O O O O O O
Predicted: B-drug
Predicted: B-drug O
Predicted: B-drug O O O O O O O O B-drug O
Predicted: O O O O O O O O O O O O O O O O O O O
Predicted: B-drug
Predicted: B-drug O B-drug O
Predicted: O O O O O O O O O O O O O O O O O O O
Predicted: O O O O O O O O O O O O O O B-drug I-drug O O B-drug O O O O O O O O
Predicted: B-drug
Predicted: B-drug O
Predicted: O O O O O O O O O O O O O O O O O O O
Predicted: O O
Predicted: O O O O B-drug O O O O B-drug
Predicted: B-group I-group I-group
Predicted: O O O O O O O O O O O O O O O O
Predicted: O O B-drug O B-drug O B-drug
Predicted: B-drug O
Predicted: O O O O
Predicted: O O O O O O O O B-drug O O O O O O O O
Predicted: O O O O B-drug O O O B-drug O B-drug O B-drug
Predicted: B-group I-group I-group I-group I-group
Predicted: O O O O O O O O O O O
Predicted: B-drug
Predicted: B-drug O B-drug O
Predicted: O O O O O O O O O O O O O O O O O O O
Predicted: O O O O B-drug
Predicted: B-drug O
Predicted: O O O O O B-drug O O O O O O B-group I-group I-group O O O O O O O O O O B-drug O B-drug O O B-drug I-drug O O O O
Predicted: O O B-drug O B-drug O B-drug
Predicted: B-group I-group I-group
Predicted: O O O O O O O O
Predicted: B-drug
Predicted: B-drug O
Predicted: O O O O O O O O O O O O O O B-drug O O
Predicted: B-drug
Predicted: B-drug O
Predicted: O O O O O O O O O O O O O O
Predicted: B-drug
Predicted: B-drug O B-drug O
Predicted: O O O B-drug O O O O O O O O O O O O O O O O O O O O O O O O O B-drug O O O O O
Predicted: B-drug
Predicted: B-drug O
Predicted: B-drug O O O O O O O O O O O O O O O O O O B-drug O O
Predicted: B-drug
Predicted: B-drug O
Predicted: B-drug O O O O O O O O O O O O O O O O O O B-drug O O
Predicted: B-drug
Predicted: B-drug O
Predicted: B-drug O O O O O O O O O O O O O O O O O B-drug O O
Predicted: O O
Predicted: O O O
Predicted: O O
Predicted: 
Predicted: O O O O O O O O O O O O O B-drug O B-drug O B-drug O B-drug O B-drug O B-drug O B-drug O B-drug O B-drug O B-drug O O O O O B-drug O O
Predicted: O O O O O O O O O
Predicted: O O O O O O O O O O O O B-drug O B-drug O B-drug O B-drug O B-drug O O O B-drug O O O O O O O B-drug O O
Predicted: O O
Predicted: O O O O O O O O O
Predicted: O O O O O O O O
Predicted: O O O O
Predicted: O O O O O O O O O O O O O O
Predicted: O O O O O O O O O O O O O O O O
Predicted: O O O O O O O O O O O O O O O O O
Predicted: O O O O O O O O O B-group O B-group I-group O B-drug O B-drug O B-drug O B-drug O B-drug O B-drug O O O B-drug O O O O B-group O O B-group O O O O O O O O O O O O O O B-group I-group O
Predicted: O O O O O O O O O O O O O B-drug O O
Predicted: O O O O O B-drug O B-drug O O B-drug O O O O O O O O O
Predicted: O O O O O O O O O B-group O B-group I-group O O O O O O O O O O O O O O O O O O O O
Predicted: B-group I-group O O O O O O O O O O O O B-group I-group O
Predicted: O O O O O O O B-group I-group O O O O O O O O O O O O O O O O O O O O O O O O O O O O O B-drug O O B-drug O
Predicted: O O O O O O O O O O B-group I-group O O O
Predicted: B-drug O O O O O O O B-drug O
Predicted: O O O B-drug O O O O O O B-drug O O O
Predicted: B-drug O O O O O B-drug O O O O O O O O O O O
Predicted: O O O B-drug O O O O O O O O O O O B-drug O
Predicted: O O O O O O O O O O
Predicted: B-drug O B-drug O O O O O O O O
Predicted: O O O O O O O O O O O O O O O O O O O O B-drug O
Predicted: B-drug O O O O O O O B-drug O
Predicted: O O O O B-drug O O O O O O B-drug O O O
Predicted: B-drug O O O O O O O O O O O O O O O O O O O B-drug O O O O B-drug O O O O O O O
Predicted: O O O O O O O O B-drug O O O O O O O O O
Predicted: O O O O O O O O O O B-drug O O O O O O O O O O O O O O O O O O B-drug O O O O
Predicted: O O O O B-drug O O O O O O O O B-drug O O O
Predicted: O O O B-drug O O O O O O O B-drug O O O O O
Predicted: B-drug O O O O O O O O O O O O O O O O O B-drug O B-drug O O O
Predicted: O O O O O O B-drug O O O O O B-drug O O O O O O O O O O O B-drug O O O O O O O O
Predicted: O O O O B-drug O B-drug O O O
Predicted: O O O O O B-drug I-drug O O O B-drug O O O O O O O O O O O O O O O O O O O O O
Predicted: O O O O O O O O O O O O O B-drug O
Predicted: O O O O O O
Predicted: B-drug O O O O O O O O O O O B-drug O B-drug O O O
Predicted: O O B-drug O B-drug O O O O O O
Predicted: O O O O O O O O O O O O B-drug O B-drug O O O
Predicted: O O B-drug O B-drug O O O O O O
Predicted: O B-group O O O O O B-drug O B-drug O O O O O B-drug O O O O O
Predicted: O O O B-drug O O O O O O O O O B-drug O O B-drug O O O
Predicted: O O B-group O O O O O O O O O O O O O O B-drug O O O O O O O O B-group O O O O O O O O O O
Predicted: B-drug O O O O O O O O B-group O O O O O O B-drug I-drug O B-drug O O
Predicted: O O O O O O O O O O O O O O O O B-drug I-drug O B-drug O O
Predicted: O O O O O O O O O O O B-drug I-drug O B-drug O O O B-drug O O O O O O O O O
Predicted: O O O O O B-drug O O O O O B-drug I-drug O B-drug O O O O O O B-drug O O O O O B-drug I-drug O B-drug O O
Predicted: O O O O O O O O O O
Predicted: O O O O O O O O O B-group O O O O O B-group O O O O O O O O O O O O O O O O O O O B-drug O O O
Predicted: O O O O O O B-drug O O O O O O O O O B-group O O O O O O O O O O O B-drug O O O
Predicted: O O O O O O O B-group O O O O O O O O O O O O O O O O O O O O O O O O O O O
Predicted: O O O O O O O O O B-drug O B-drug O O O O B-group I-group O O O O O O O B-group O O
Predicted: B-group I-group I-group O O O O O O O O O O O O O B-group I-group I-group O O O O B-drug O O O O O O O O O O
Predicted: O O O O O O
Predicted: O O O O O O B-drug O B-drug O O O O O O O O
Predicted: O O O O O O O O O O O O O O O O O
Predicted: O O O O O B-group O O O O O O B-group I-group O
Predicted: O O O O O O O O O B-group O O B-group I-group O
Predicted: O B-group I-group O B-drug O B-drug O O O O O O O O O O B-drug O B-group O B-group I-group O B-drug O B-drug O B-drug O O O O O O O O
Predicted: B-drug O O O O O O B-group O O O O O O O O
Predicted: O O O O O B-drug O B-drug O O O O O O B-group I-group O
Predicted: B-group I-group O O O B-drug O B-drug O O B-drug O O B-group O O O O O O O O O O O O O O O
Predicted: O O O O O O O O O O O O O O O O O O O O O O O O O O O O O
Predicted: O O O O O O O O O O O O O O B-drug O
Predicted: B-drug O B-drug O O O O O O O B-drug O O O O O O O B-drug O O B-group I-group O
Predicted: O O O O O B-drug O O O O O B-drug O O O O B-drug O
Predicted: B-drug O O O O B-drug O O O O O O O O O O O O O O O O O O O O O O O O O O O O O O O O
Predicted: O O O O O O O O O O O O O O O O
Predicted: O O O O O O O O O O O O O O O O O O O O
Predicted: O O O O O O O O O O O B-drug O O O O O O O O O O O O O O O O O
Predicted: O O O O O O O O O O O O O O O O O
Predicted: O O O O O O O O O O
Predicted: O O O O O O O O O O O O O O O O O O O
Predicted: O O O O O O O O O O O O O O O O O O O O O O
Predicted: O O O O O O
Predicted: B-group O O O O O O O O O O O O O O O O O O O O O O O B-drug O B-drug O O O O O O O
Predicted: O O O O O O O O O
Predicted: O O O O O O O O B-group I-group O O O O O O O O O
Predicted: B-drug O O O O O O O O O O O O O O O O O O O O O O O B-drug O O O O O O O
Predicted: O O O O O O O O O
Predicted: B-drug O O O O O O O O O O O O O O O O B-drug O O O O O O O O O O O O O O O O O O O
Predicted: O O O O O O O O O O O O O O O O O O O O O O O O O O O O B-drug O
Predicted: B-drug O O O O O O O O O O O B-drug O O O O O O O
Predicted: O O O O O O O O O O B-group O B-drug O O O O O O O O O O O O O O O O B-drug O O
Predicted: O O O O O B-drug O O B-group I-group O O O O O O
Predicted: B-drug O O O O B-drug
Predicted: B-group I-group O O O B-drug O O O O O O O O O B-group I-group O
Predicted: O O O O O O O O O O O O O O O O O O O O O O O O O O O O O O O
Predicted: B-group I-group I-group O O O O O O O O O O O
Predicted: B-group I-group O O O O O O O O O O O B-drug O
Predicted: O O O O O O O O O O O O O O O O O O O O B-drug O
Predicted: O O O O B-group O O O O O B-group I-group O O O O O O O B-drug O O O O
Predicted: O O O O O O O O O O B-drug O O O O O O O B-group I-group O
Predicted: O O O O O B-drug O B-brand O O O
Predicted: O O O O O O O O O O O O O O O O O O O B-brand O B-group I-group I-group O O O O O O
Predicted: O O B-group I-group O O O O O O O O O O O O O O O O O O O O O O O O O O O O O O
Predicted: O O O O O O O O O O B-drug O O O O O O O
Predicted: O O O O O O O O O O O O O O O O O O O O O B-group I-group O B-drug O B-drug O B-drug O B-drug O B-drug O O B-group I-group O B-drug O B-drug O B-drug O O O O O O O O O O O O
Predicted: O O O O O O O O B-drug B-group O
Predicted: O O O O O O O O O O O O O O O O O O O O O O O O O
Predicted: O O B-drug O B-drug O B-drug O O O O O O O O O O
Predicted: O O O O O O O O O O O O O O O O O O O O O O O O O O O O O B-drug O O O O O O O O O O O O O B-drug O O O O O O O O O O O O O O O O O O O O
Predicted: O O O O O O O O
Predicted: O O O O O O B-drug O O O O O O O O O O O O
Predicted: O O O O O O O O O O O O O O O O O O O O O O O O O O O O O O O O O O O O O O O O O O O O
Predicted: O O O O O O O O O O O O B-drug O O
Predicted: O O O O O O O O O O O O O O O B-drug O O
Predicted: O O O O O O O O O O O O O O O
Predicted: B-group O O O O O O O O O O O B-group O O B-group I-group O O O
Predicted: O O O O O O O O O O O O B-group O O O O O O O O O O O O O O O O O O O O O O O O O O B-drug O O O O
Predicted: B-drug O O B-group I-group O O O O O O O O O O O O
Predicted: O O B-group I-group O B-drug O B-drug O B-drug O O B-drug O O O B-group I-group O O O O O O O
Predicted: O O O O O O O O O O O O O O O O O O O O O O O O O O O
Predicted: O B-group O O O O B-drug O O O O O O O O O O O O O B-group O O O O O O
Predicted: B-drug O O O B-drug O O O O B-drug O O O O O O O B-group I-group O O O B-drug O
Predicted: O O O O O O O O O O O O O B-drug O O O O
Predicted: O O B-group O O O O O O O B-drug O O O O O
Predicted: O O O O O O O O O O O O O O O B-drug O B-drug O O B-drug O
Predicted: O O O O O O O O O B-group I-group O B-group O B-group I-group O B-drug O O B-group I-group O O B-group I-group O
Predicted: O O O O O O O O O O
Predicted: O O O
Predicted: B-drug O O O O O O O O O O O O O O O O O O O O O O O
Predicted: B-drug O O O O O O O O O O O O O O O O O O O
Predicted: O O O O O O O O O B-drug O O O O O O O O O O O O B-drug O O O O O O O O O O O O O O O
Predicted: O O O O O O O O B-drug O O O O O O O O O O O O O O O O O O O O O
Predicted: O O O O O O O O O O O O O O O B-drug O O O
Predicted: O O O O O O O O O O O O O O O O O O O O O B-drug I-drug O O
Predicted: O O O O O O O O O O O O O O O O O O O O O O O O O O O O O
Predicted: O O O O B-drug I-drug I-drug O O O O O O O O O O O
Predicted: O O O O O O O O O O O O O O O
Predicted: O O O O O O O O O O O O O O O O O
Predicted: O O O O O O O O O B-drug O B-drug I-drug O O O O O O O B-drug O O O O O I-drug O O O O O O O O O
Predicted: O O O O O O O O O O O O O O O O O O O B-drug O
Predicted: O O O O B-group O O O O O O O O
Predicted: O O O O O O O O O B-group O O B-drug O
Predicted: B-group O O O O O B-group O O O O O O O O O O B-drug O
Predicted: O O B-group O O O O O O O O O O O O O O O O O O O O O
Predicted: B-brand O O B-drug O O O B-brand O O O O O O O O O O O O B-drug O O O O
Predicted: O O O O O O O O O O
Predicted: O O O O O B-group O O O O B-drug O B-brand O O O O O O O O O O O O O
Predicted: B-drug O B-drug O B-drug B-drug O O O B-group O O O O O O O O O O O O O O O O O O O O O O B-drug O B-drug O B-drug O O O O O
Predicted: O O O B-drug O O O O O
Predicted: O O O O O O O B-drug O O O O B-group O O O O O O O O O O O O O O O O O O O O O O O O
Predicted: B-group O B-drug O O O O O O O O B-drug O B-drug O
Predicted: O O O O O O O O O O O O O B-drug O O O O O O B-drug O B-group I-group O O O
Predicted: O O O O O O O O O O O O
Predicted: O O O O B-group O O O O O O O O O O O O O O O O O O O O O
Predicted: B-drug O B-drug O O O O O O O O B-drug O
Predicted: B-drug O B-group O O O O O O B-drug O O O O O O B-drug O O
Predicted: O O O B-drug O O O O O O O O O O O O O O O
Predicted: O O O O O O O O O O O O O B-group O
Predicted: O O O B-group O B-drug O O O O O O O O O O O O B-drug O O
Predicted: O O O O O O O O O O O O O O O O B-drug O
Predicted: O O O O O O O O O O O B-drug O O O O O O B-drug O O O O O O O O O O
Predicted: B-drug O B-drug O O O O O O O O B-drug O
Predicted: B-drug O O O O B-drug O B-group O O O O O O O O O O O O O O O O O O O O O O O O O O O O O O
Predicted: O O O O O O O O O B-drug O B-drug O B-drug O O O O O O O O O O B-drug O O O O O O O O O O O B-drug O
Predicted: O O O O O O O O O O B-drug O O O B-drug O O B-drug O O O O O O
Predicted: O O O O O B-drug O B-drug O O O O O O O O O
Predicted: O O O O O O O O O O O O O O O O O O O O O O O O O O O O O B-drug O O
Predicted: O O O O O O O O O B-drug O O O O O O O O O O O O O O O O O O O B-drug O
Predicted: O O O O O O O O O O O O O O O O O O O O O O B-drug O
Predicted: O O O O O O O O O O O O O O
Predicted: O O O O O O O
Predicted: B-drug O O O O O O O O O B-drug I-drug O O
Predicted: O O O O O O O O O O O O O O O O O B-drug O O O O O O O O O O O O O
Predicted: O O O O O O O O O O O O O
Predicted: 
Predicted: B-drug O O O O O O O O O O
Predicted: O O O O O O O O O O O O O O O O O O B-drug O O O O O O O O O O O O O O O B-drug O O O O O O O O O O O
Predicted: B-group O O O O O O O O O B-drug O B-drug O O B-drug O O O O O B-drug O O O O O O O O O B-drug O O O O O O O O O O O
Predicted: B-group O O O O O B-group I-group O O O B-group I-group O B-drug O O O O O O O O O O B-drug O
Predicted: B-group O O O O O O O O B-group O O O O O O O O O O
Predicted: O O O O O O O O O O O O O O O O O O B-drug O O O O O O O O O O O O O O
Predicted: O O O O O O O B-drug O O O O B-drug O O O O O O O O O B-drug O O O O O O O O O O O
Predicted: O O O O O O O O O O B-drug O B-drug O O O B-drug O O O O O B-drug O O O O O O O O O B-drug O O O O O O O O O O O
Predicted: O O O O O O B-drug O O O O O B-drug O O O O O O O O O O B-drug O
Predicted: O O O O O O O O O O O O O B-drug O B-drug O O O O O O O O O O O O
Predicted: B-group I-group I-group O B-drug O O O O O O O O O O O B-drug O O O O O O B-drug O O O O O O B-drug O
Predicted: O O O O B-drug O B-drug O O O O O O O B-drug O
Predicted: B-group I-group O O O O O O B-drug O B-drug O O O O O B-drug O O O O O O O O B-drug O O O O O O O O O O O
Predicted: O O O O O O O B-drug O O O O B-drug O O O O O O O
Predicted: B-drug O O O O O O O O O O O O O O O O B-group O O O O O O O O O B-drug O B-drug O O O O O O O O O O
Predicted: B-group I-group O O O B-drug O O
Predicted: O B-group I-group O O O B-drug O O
Predicted: O O O O O O O O O
Predicted: B-drug O O O B-drug O O B-drug O
Predicted: O O O O O O O O O
Predicted: O O O O O O B-drug O O O O O O O O O O
Predicted: O O O O O O O O O O O O O O O O O O
Predicted: O O O O O O O O O O O O
Predicted: O O O O O O O O O O O O O O O B-drug O B-drug O B-drug O O B-drug O
Predicted: O O O O O O O B-group B-drug O O O O O O O O O O B-drug O
Predicted: B-group I-group O O O B-drug O O O O O O O O O B-group I-group O
Predicted: O O O O B-group I-group I-group I-group O O O O O O O O O O O O O O O O O O O O O O O O O O O O
Predicted: O O O O O O O O O O B-group O B-drug O O O B-group O O O O O O O O O O O O B-drug O
Predicted: O O O O O B-group I-group O O O O O O B-group I-group I-group O O O O O O O O O O O O O O O O O
Predicted: O O O O O O O O O O O O O O O O O B-group I-group I-group O O O B-group I-group O O O O O O O
Predicted: O O O O O O O O B-group I-group O O O O O O O B-drug O O O O O O O O O O O O O O O O O O O O O O B-drug O B-drug O
Predicted: O O O O O O O O O O O O B-group O O O O B-drug I-drug O O O O O O B-group O O O O O O O O O O O O O O O O O O O O O O O
Predicted: O O O O O O O O O O O O O O O O O O O O O O O O O O O O O O O O O B-group O
Predicted: O O O O O O O O O O B-drug O O O O O O
Predicted: B-drug O B-drug O O O O O O B-drug O O O B-drug O O O O O O B-drug O
Predicted: O O O B-drug O B-drug O O O O O O O O
Predicted: O O O O O O O O O O O O O
Predicted: B-group I-group O O O O O B-drug O O O O O O O O O O O O O O O O O B-drug O
Predicted: O O O O B-group O O O O O O O O O O
Predicted: O O O O O O O O O B-group O O O
Predicted: B-drug I-drug O O O O O B-drug O O O O O O O O O O O O
Predicted: O O O O O O O B-drug O O B-drug I-drug O O O O B-drug O O O O
Predicted: B-drug I-drug O O O O O O B-drug I-drug O O O O O O O O
Predicted: O O O O O O O O O O O O B-drug I-drug O
Predicted: O O O O O O O O O O O
Predicted: O O O O O O O B-group I-group O
Predicted: O O O O B-group I-group O O O O O O O O
Predicted: O O O O O O O O O O O O O O O O O O O O O
Predicted: O O O B-drug O O O O O O O O O O O O O O O
Predicted: O O O O O B-drug O O O O O O O O O O O O O O
Predicted: O O O O O O O O O O O O B-drug O O O O O O O O B-drug O O O O O O O O O O O O O
Predicted: O O O O O O O O O O O O O O B-drug O O O O O O O O O O
Predicted: O O O O O O O O O O O O O O O O O O O O O O O O O O O O O O O
Predicted: B-drug O O O O O O O O O O O O O O O O O O O O O O O
Predicted: O O O O O O B-drug O O O O O O O O O O O O O O O O O O
Predicted: O O O O O O O O B-drug O O O O O
Predicted: O O O O O O O O O O O O O O O O O O O O O O O O O O B-drug O
Predicted: O O O O O O O O O O O O O O O O O O O O O O O O O
Predicted: B-drug O O O O O O O O O O O O O O O O O O O O O O O O O O O B-drug O O O B-drug O O O O O O O
Predicted: O O O O O O O O O O O O O O O O O
Predicted: O O O O O O O O O O O O O O O O O
Predicted: O O O O O O O O O O B-drug O O O O O O O O O O O O O O O O O O O O O O O O O
Predicted: O O O O O O O O O O O B-drug O
Predicted: O O O O O O O O O O O O O O O O O O O O O O B-group I-group O
Predicted: O O O O O O O O O O O O O O O O O O O B-group I-group O O O O O O O O O O O O O O O O O O
Predicted: O O B-drug O O O O O O O O O B-drug O
Predicted: O O O O O O
Predicted: O O O O O O O O O O O O O B-drug O O O O B-drug O O O O O O O O O O O O O O O O O O
Predicted: O O O B-drug O O O O O O O O B-drug O O O O O O B-drug O O O O O O O O O O O O O O O O O O O O O O O O O B-drug O
Predicted: O O O O O O O O O O O O O O O B-drug O O O B-drug O O O O O O O O O
Predicted: O O O O O O O O O
Predicted: O O O O O B-drug I-drug O O O O O
Predicted: O O O O O O O O O O O O O O O O O O O O O O O B-drug O O O O O O O
Predicted: O O O O O O O O B-drug O O O O B-drug O O O O
Predicted: O O O O O O O O O O O O O O O O O O
Predicted: O O O O O O O O O O O O O O O O O O O O O O O O O O O O O O O O O O B-drug O B-drug O B-drug O B-drug O O B-drug O
Predicted: O O O O O O O O O O O O O O O O O O O O O O
Predicted: O O O B-drug O O O O O
Predicted: O O O O O O O O O O O O O O O O O O O O O O O O O O
Predicted: O O O O O O
Predicted: O O O O O O O O O O O O O O O
Predicted: O O O O O O O O O O O O O B-drug O O O O O O O O O
Predicted: O O B-drug O O B-group I-group I-group O O O O O O O O O
Predicted: O O O O O O O O O O O O B-drug O
Predicted: O O O O O O O O O O O O O O B-drug O O O O O O O
Predicted: O O O B-drug O O O O O O O O O O O O O O O O O O O
Predicted: O O O O O O O O O O O O O O O O O O O O O
Predicted: O O O O
Predicted: O O O O O O O O O O O O O O O O B-drug O B-drug O B-drug O O B-drug O O O O O O O O O O O O O O O O O O O O O O O O O O
Predicted: O O O O O O O O O O O O O O O O O O O O O O O O O O O O O O O O O O O O O O O O
Predicted: B-group I-group O O O O O O O O O O O O O O O O O O B-drug O B-group I-group I-group O O O O O O O O O O O O O
Predicted: B-drug O O O O B-drug O O O O O O O O O O O O
Predicted: O O O O O O O O O B-drug O O O O O O O O O O O O O
Predicted: B-drug O O O O O O O O O O O O O O
Predicted: B-drug O O O O O O B-drug O O O O O O O O O O O O O O O O O O O
Predicted: O O O O O O O O O O B-drug O O O O O O O O B-drug O O O O O O O O O O O O O O O
Predicted: O O O O O O O O O O B-drug O O O O O O O O O
Predicted: O O O O O O O O O O O O O O O B-drug O O O O O O O O O O O O O O B-drug O O O O O
Predicted: B-drug O B-drug O O O O O O O O B-drug O O O O O O
Predicted: O B-drug O O O O O O
Predicted: O O O O O B-drug O O O O O O O O O O O
Predicted: O O O O O O O B-drug O O O O O O O O O O
Predicted: B-drug O O O O O O O O O O O O O
Predicted: O O O O O O O O O O O O O O O O O O O O O O O B-drug O
Predicted: O O O O O O O O O O O O O O O O B-group I-group I-group O O B-drug O B-drug O O O O O O O O O O O O O
Predicted: B-drug O O B-group O O O O O O O O O O O B-drug O O B-group O
Predicted: O O O O O B-drug O O B-group O O O O O O O O O
Predicted: O O O O B-drug I-drug O O O O O O O B-group O
Predicted: B-drug O O O O O O O O O O O O O O O
